<?xml version="1.0" encoding="UTF-8"?>
<testsuites>
  <testsuite name="D:\Projects\mithra62\products\ee\ee_export\system\user\addons\export\tests" tests="234" assertions="291" errors="0" warnings="0" failures="0" skipped="0" time="0.180918">
    <testsuite name="Mithra62\Export\Tests\AbstractSourceCleanFieldsTest" file="D:\Projects\mithra62\products\ee\ee_export\system\user\addons\export\tests\AbstractSourceCleanFieldsTest.php" tests="10" assertions="12" errors="0" warnings="0" failures="0" skipped="0" time="0.009948">
      <testcase name="testReturnsAllWhenNoWhitelistOrBlacklist" class="Mithra62\Export\Tests\AbstractSourceCleanFieldsTest" classname="Mithra62.Export.Tests.AbstractSourceCleanFieldsTest" file="D:\Projects\mithra62\products\ee\ee_export\system\user\addons\export\tests\AbstractSourceCleanFieldsTest.php" line="17" assertions="1" time="0.005803"/>
      <testcase name="testWhitelistFromArray" class="Mithra62\Export\Tests\AbstractSourceCleanFieldsTest" classname="Mithra62.Export.Tests.AbstractSourceCleanFieldsTest" file="D:\Projects\mithra62\products\ee\ee_export\system\user\addons\export\tests\AbstractSourceCleanFieldsTest.php" line="24" assertions="1" time="0.000490"/>
      <testcase name="testWhitelistFromPipeString" class="Mithra62\Export\Tests\AbstractSourceCleanFieldsTest" classname="Mithra62.Export.Tests.AbstractSourceCleanFieldsTest" file="D:\Projects\mithra62\products\ee\ee_export\system\user\addons\export\tests\AbstractSourceCleanFieldsTest.php" line="32" assertions="1" time="0.000338"/>
      <testcase name="testWhitelistPreservesDeclarationOrder" class="Mithra62\Export\Tests\AbstractSourceCleanFieldsTest" classname="Mithra62.Export.Tests.AbstractSourceCleanFieldsTest" file="D:\Projects\mithra62\products\ee\ee_export\system\user\addons\export\tests\AbstractSourceCleanFieldsTest.php" line="40" assertions="1" time="0.000324"/>
      <testcase name="testWhitelistSilentlyIgnoresMissingColumns" class="Mithra62\Export\Tests\AbstractSourceCleanFieldsTest" classname="Mithra62.Export.Tests.AbstractSourceCleanFieldsTest" file="D:\Projects\mithra62\products\ee\ee_export\system\user\addons\export\tests\AbstractSourceCleanFieldsTest.php" line="48" assertions="1" time="0.000333"/>
      <testcase name="testExcludeFromArray" class="Mithra62\Export\Tests\AbstractSourceCleanFieldsTest" classname="Mithra62.Export.Tests.AbstractSourceCleanFieldsTest" file="D:\Projects\mithra62\products\ee\ee_export\system\user\addons\export\tests\AbstractSourceCleanFieldsTest.php" line="56" assertions="1" time="0.000403"/>
      <testcase name="testExcludeFromPipeString" class="Mithra62\Export\Tests\AbstractSourceCleanFieldsTest" classname="Mithra62.Export.Tests.AbstractSourceCleanFieldsTest" file="D:\Projects\mithra62\products\ee\ee_export\system\user\addons\export\tests\AbstractSourceCleanFieldsTest.php" line="64" assertions="1" time="0.000326"/>
      <testcase name="testWhitelistTakesPriorityOverExclude" class="Mithra62\Export\Tests\AbstractSourceCleanFieldsTest" classname="Mithra62.Export.Tests.AbstractSourceCleanFieldsTest" file="D:\Projects\mithra62\products\ee\ee_export\system\user\addons\export\tests\AbstractSourceCleanFieldsTest.php" line="72" assertions="1" time="0.000412"/>
      <testcase name="testEmptyArrayWhitelistIsIgnored" class="Mithra62\Export\Tests\AbstractSourceCleanFieldsTest" classname="Mithra62.Export.Tests.AbstractSourceCleanFieldsTest" file="D:\Projects\mithra62\products\ee\ee_export\system\user\addons\export\tests\AbstractSourceCleanFieldsTest.php" line="80" assertions="1" time="0.000328"/>
      <testcase name="testTrimsSpacesInPipeString" class="Mithra62\Export\Tests\AbstractSourceCleanFieldsTest" classname="Mithra62.Export.Tests.AbstractSourceCleanFieldsTest" file="D:\Projects\mithra62\products\ee\ee_export\system\user\addons\export\tests\AbstractSourceCleanFieldsTest.php" line="88" assertions="3" time="0.001191"/>
    </testsuite>
    <testsuite name="Mithra62\Export\Tests\AddonSetupTest" file="D:\Projects\mithra62\products\ee\ee_export\system\user\addons\export\tests\AddonSetupTest.php" tests="13" assertions="30" errors="0" warnings="0" failures="0" skipped="0" time="0.005320">
      <testcase name="testFileExists" class="Mithra62\Export\Tests\AddonSetupTest" classname="Mithra62.Export.Tests.AddonSetupTest" file="D:\Projects\mithra62\products\ee\ee_export\system\user\addons\export\tests\AddonSetupTest.php" line="10" assertions="1" time="0.000535"/>
      <testcase name="testAuthorValue" class="Mithra62\Export\Tests\AddonSetupTest" classname="Mithra62.Export.Tests.AddonSetupTest" file="D:\Projects\mithra62\products\ee\ee_export\system\user\addons\export\tests\AddonSetupTest.php" line="15" assertions="1" time="0.000490"/>
      <testcase name="testNameValue" class="Mithra62\Export\Tests\AddonSetupTest" classname="Mithra62.Export.Tests.AddonSetupTest" file="D:\Projects\mithra62\products\ee\ee_export\system\user\addons\export\tests\AddonSetupTest.php" line="25" assertions="1" time="0.000382"/>
      <testcase name="testNamespaceValue" class="Mithra62\Export\Tests\AddonSetupTest" classname="Mithra62.Export.Tests.AddonSetupTest" file="D:\Projects\mithra62\products\ee\ee_export\system\user\addons\export\tests\AddonSetupTest.php" line="34" assertions="1" time="0.000308"/>
      <testcase name="testVersionValue" class="Mithra62\Export\Tests\AddonSetupTest" classname="Mithra62.Export.Tests.AddonSetupTest" file="D:\Projects\mithra62\products\ee\ee_export\system\user\addons\export\tests\AddonSetupTest.php" line="43" assertions="1" time="0.000515"/>
      <testcase name="testSettingsExistValue" class="Mithra62\Export\Tests\AddonSetupTest" classname="Mithra62.Export.Tests.AddonSetupTest" file="D:\Projects\mithra62\products\ee\ee_export\system\user\addons\export\tests\AddonSetupTest.php" line="52" assertions="1" time="0.000483"/>
      <testcase name="testTestsPathDeclared" class="Mithra62\Export\Tests\AddonSetupTest" classname="Mithra62.Export.Tests.AddonSetupTest" file="D:\Projects\mithra62\products\ee\ee_export\system\user\addons\export\tests\AddonSetupTest.php" line="61" assertions="2" time="0.000548"/>
      <testcase name="testExportLayerSourcesRegistered" class="Mithra62\Export\Tests\AddonSetupTest" classname="Mithra62.Export.Tests.AddonSetupTest" file="D:\Projects\mithra62\products\ee\ee_export\system\user\addons\export\tests\AddonSetupTest.php" line="72" assertions="5" time="0.000361"/>
      <testcase name="testExportLayerFormatsRegistered" class="Mithra62\Export\Tests\AddonSetupTest" classname="Mithra62.Export.Tests.AddonSetupTest" file="D:\Projects\mithra62\products\ee\ee_export\system\user\addons\export\tests\AddonSetupTest.php" line="86" assertions="4" time="0.000343"/>
      <testcase name="testExportLayerModifiersRegistered" class="Mithra62\Export\Tests\AddonSetupTest" classname="Mithra62.Export.Tests.AddonSetupTest" file="D:\Projects\mithra62\products\ee\ee_export\system\user\addons\export\tests\AddonSetupTest.php" line="99" assertions="5" time="0.000353"/>
      <testcase name="testExportLayerOutputsRegistered" class="Mithra62\Export\Tests\AddonSetupTest" classname="Mithra62.Export.Tests.AddonSetupTest" file="D:\Projects\mithra62\products\ee\ee_export\system\user\addons\export\tests\AddonSetupTest.php" line="113" assertions="2" time="0.000324"/>
      <testcase name="testExportLayerFieldsRegistered" class="Mithra62\Export\Tests\AddonSetupTest" classname="Mithra62.Export.Tests.AddonSetupTest" file="D:\Projects\mithra62\products\ee\ee_export\system\user\addons\export\tests\AddonSetupTest.php" line="124" assertions="5" time="0.000360"/>
      <testcase name="testModelRegistered" class="Mithra62\Export\Tests\AddonSetupTest" classname="Mithra62.Export.Tests.AddonSetupTest" file="D:\Projects\mithra62\products\ee\ee_export\system\user\addons\export\tests\AddonSetupTest.php" line="138" assertions="1" time="0.000319"/>
    </testsuite>
    <testsuite name="Mithra62\Export\Tests\ComposerTest" file="D:\Projects\mithra62\products\ee\ee_export\system\user\addons\export\tests\ComposerTest.php" tests="5" assertions="6" errors="0" warnings="0" failures="0" skipped="0" time="0.001806">
      <testcase name="testComposerFileExists" class="Mithra62\Export\Tests\ComposerTest" classname="Mithra62.Export.Tests.ComposerTest" file="D:\Projects\mithra62\products\ee\ee_export\system\user\addons\export\tests\ComposerTest.php" line="9" assertions="1" time="0.000400"/>
      <testcase name="testComposerIsValidJson" class="Mithra62\Export\Tests\ComposerTest" classname="Mithra62.Export.Tests.ComposerTest" file="D:\Projects\mithra62\products\ee\ee_export\system\user\addons\export\tests\ComposerTest.php" line="14" assertions="1" time="0.000384"/>
      <testcase name="testOpenSpoutRequired" class="Mithra62\Export\Tests\ComposerTest" classname="Mithra62.Export.Tests.ComposerTest" file="D:\Projects\mithra62\products\ee\ee_export\system\user\addons\export\tests\ComposerTest.php" line="25" assertions="2" time="0.000329"/>
      <testcase name="testVendorDirectoryExists" class="Mithra62\Export\Tests\ComposerTest" classname="Mithra62.Export.Tests.ComposerTest" file="D:\Projects\mithra62\products\ee\ee_export\system\user\addons\export\tests\ComposerTest.php" line="32" assertions="1" time="0.000349"/>
      <testcase name="testAutoloadFileExists" class="Mithra62\Export\Tests\ComposerTest" classname="Mithra62.Export.Tests.ComposerTest" file="D:\Projects\mithra62\products\ee\ee_export\system\user\addons\export\tests\ComposerTest.php" line="37" assertions="1" time="0.000344"/>
    </testsuite>
    <testsuite name="Mithra62\Export\Tests\CpValidationBridgeTest" file="D:\Projects\mithra62\products\ee\ee_export\system\user\addons\export\tests\CpValidationBridgeTest.php" tests="5" assertions="5" errors="0" warnings="0" failures="0" skipped="0" time="0.012632">
      <testcase name="testGetErrorsEmptyWhenAllValid" class="Mithra62\Export\Tests\CpValidationBridgeTest" classname="Mithra62.Export.Tests.CpValidationBridgeTest" file="D:\Projects\mithra62\products\ee\ee_export\system\user\addons\export\tests\CpValidationBridgeTest.php" line="17" assertions="1" time="0.006865"/>
      <testcase name="testGetErrorsReturnsMissingQueryError" class="Mithra62\Export\Tests\CpValidationBridgeTest" classname="Mithra62.Export.Tests.CpValidationBridgeTest" file="D:\Projects\mithra62\products\ee\ee_export\system\user\addons\export\tests\CpValidationBridgeTest.php" line="28" assertions="1" time="0.002307"/>
      <testcase name="testGetErrorsReturnsMissingFilenameError" class="Mithra62\Export\Tests\CpValidationBridgeTest" classname="Mithra62.Export.Tests.CpValidationBridgeTest" file="D:\Projects\mithra62\products\ee\ee_export\system\user\addons\export\tests\CpValidationBridgeTest.php" line="40" assertions="1" time="0.001111"/>
      <testcase name="testGetErrorsXmlMissingRootName" class="Mithra62\Export\Tests\CpValidationBridgeTest" classname="Mithra62.Export.Tests.CpValidationBridgeTest" file="D:\Projects\mithra62\products\ee\ee_export\system\user\addons\export\tests\CpValidationBridgeTest.php" line="52" assertions="1" time="0.001731"/>
      <testcase name="testGetErrorsReturnsEmptyForUnknownSource" class="Mithra62\Export\Tests\CpValidationBridgeTest" classname="Mithra62.Export.Tests.CpValidationBridgeTest" file="D:\Projects\mithra62\products\ee\ee_export\system\user\addons\export\tests\CpValidationBridgeTest.php" line="65" assertions="1" time="0.000618"/>
    </testsuite>
    <testsuite name="Mithra62\Export\Tests\CsvFormatTest" file="D:\Projects\mithra62\products\ee\ee_export\system\user\addons\export\tests\CsvFormatTest.php" tests="7" assertions="8" errors="0" warnings="0" failures="0" skipped="0" time="0.012375">
      <testcase name="testOpenFileWriteChunkFinalizeProducesFile" class="Mithra62\Export\Tests\CsvFormatTest" classname="Mithra62.Export.Tests.CsvFormatTest" file="D:\Projects\mithra62\products\ee\ee_export\system\user\addons\export\tests\CsvFormatTest.php" line="26" assertions="1" time="0.001504"/>
      <testcase name="testFinalizeFileReturnsPathEndingInCsv" class="Mithra62\Export\Tests\CsvFormatTest" classname="Mithra62.Export.Tests.CsvFormatTest" file="D:\Projects\mithra62\products\ee\ee_export\system\user\addons\export\tests\CsvFormatTest.php" line="35" assertions="1" time="0.001518"/>
      <testcase name="testHeaderRowWrittenOnce" class="Mithra62\Export\Tests\CsvFormatTest" classname="Mithra62.Export.Tests.CsvFormatTest" file="D:\Projects\mithra62\products\ee\ee_export\system\user\addons\export\tests\CsvFormatTest.php" line="44" assertions="1" time="0.001686"/>
      <testcase name="testColumnValuesAppearInOutput" class="Mithra62\Export\Tests\CsvFormatTest" classname="Mithra62.Export.Tests.CsvFormatTest" file="D:\Projects\mithra62\products\ee\ee_export\system\user\addons\export\tests\CsvFormatTest.php" line="55" assertions="2" time="0.002137"/>
      <testcase name="testArrayValuesFlattenedToJson" class="Mithra62\Export\Tests\CsvFormatTest" classname="Mithra62.Export.Tests.CsvFormatTest" file="D:\Projects\mithra62\products\ee\ee_export\system\user\addons\export\tests\CsvFormatTest.php" line="66" assertions="1" time="0.001827"/>
      <testcase name="testNullValueProducesEmptyCell" class="Mithra62\Export\Tests\CsvFormatTest" classname="Mithra62.Export.Tests.CsvFormatTest" file="D:\Projects\mithra62\products\ee\ee_export\system\user\addons\export\tests\CsvFormatTest.php" line="76" assertions="1" time="0.001857"/>
      <testcase name="testCustomSeparatorAppearsInOutput" class="Mithra62\Export\Tests\CsvFormatTest" classname="Mithra62.Export.Tests.CsvFormatTest" file="D:\Projects\mithra62\products\ee\ee_export\system\user\addons\export\tests\CsvFormatTest.php" line="87" assertions="1" time="0.001845"/>
    </testsuite>
    <testsuite name="Mithra62\Export\Tests\DownloadOutputValidationTest" file="D:\Projects\mithra62\products\ee\ee_export\system\user\addons\export\tests\DownloadOutputValidationTest.php" tests="4" assertions="4" errors="0" warnings="0" failures="0" skipped="0" time="0.002154">
      <testcase name="testShouldDieIsTrue" class="Mithra62\Export\Tests\DownloadOutputValidationTest" classname="Mithra62.Export.Tests.DownloadOutputValidationTest" file="D:\Projects\mithra62\products\ee\ee_export\system\user\addons\export\tests\DownloadOutputValidationTest.php" line="10" assertions="1" time="0.000377"/>
      <testcase name="testValidationPassesWhenFilenameSet" class="Mithra62\Export\Tests\DownloadOutputValidationTest" classname="Mithra62.Export.Tests.DownloadOutputValidationTest" file="D:\Projects\mithra62\products\ee\ee_export\system\user\addons\export\tests\DownloadOutputValidationTest.php" line="15" assertions="1" time="0.000481"/>
      <testcase name="testValidationFailsWhenFilenameEmpty" class="Mithra62\Export\Tests\DownloadOutputValidationTest" classname="Mithra62.Export.Tests.DownloadOutputValidationTest" file="D:\Projects\mithra62\products\ee\ee_export\system\user\addons\export\tests\DownloadOutputValidationTest.php" line="22" assertions="1" time="0.000726"/>
      <testcase name="testValidationFailsWhenFilenameAbsent" class="Mithra62\Export\Tests\DownloadOutputValidationTest" classname="Mithra62.Export.Tests.DownloadOutputValidationTest" file="D:\Projects\mithra62\products\ee\ee_export\system\user\addons\export\tests\DownloadOutputValidationTest.php" line="29" assertions="1" time="0.000570"/>
    </testsuite>
    <testsuite name="Mithra62\Export\Tests\ExportConfigurationModelTest" file="D:\Projects\mithra62\products\ee\ee_export\system\user\addons\export\tests\ExportConfigurationModelTest.php" tests="8" assertions="9" errors="0" warnings="0" failures="0" skipped="0" time="0.006466">
      <testcase name="testMakeReturnsModel" class="Mithra62\Export\Tests\ExportConfigurationModelTest" classname="Mithra62.Export.Tests.ExportConfigurationModelTest" file="D:\Projects\mithra62\products\ee\ee_export\system\user\addons\export\tests\ExportConfigurationModelTest.php" line="17" assertions="1" time="0.001886"/>
      <testcase name="testGetSettingsReturnsEmptyArrayWhenSettingsIsNull" class="Mithra62\Export\Tests\ExportConfigurationModelTest" classname="Mithra62.Export.Tests.ExportConfigurationModelTest" file="D:\Projects\mithra62\products\ee\ee_export\system\user\addons\export\tests\ExportConfigurationModelTest.php" line="22" assertions="1" time="0.000606"/>
      <testcase name="testGetSettingsDecodesJson" class="Mithra62\Export\Tests\ExportConfigurationModelTest" classname="Mithra62.Export.Tests.ExportConfigurationModelTest" file="D:\Projects\mithra62\products\ee\ee_export\system\user\addons\export\tests\ExportConfigurationModelTest.php" line="27" assertions="1" time="0.000634"/>
      <testcase name="testSetSettingsRoundTrip" class="Mithra62\Export\Tests\ExportConfigurationModelTest" classname="Mithra62.Export.Tests.ExportConfigurationModelTest" file="D:\Projects\mithra62\products\ee\ee_export\system\user\addons\export\tests\ExportConfigurationModelTest.php" line="33" assertions="1" time="0.000628"/>
      <testcase name="testSetSettingsNestedArray" class="Mithra62\Export\Tests\ExportConfigurationModelTest" classname="Mithra62.Export.Tests.ExportConfigurationModelTest" file="D:\Projects\mithra62\products\ee\ee_export\system\user\addons\export\tests\ExportConfigurationModelTest.php" line="40" assertions="1" time="0.000709"/>
      <testcase name="testGetFormattedCreatedAtReturnsEmptyStringWhenNull" class="Mithra62\Export\Tests\ExportConfigurationModelTest" classname="Mithra62.Export.Tests.ExportConfigurationModelTest" file="D:\Projects\mithra62\products\ee\ee_export\system\user\addons\export\tests\ExportConfigurationModelTest.php" line="47" assertions="1" time="0.000618"/>
      <testcase name="testGetFormattedCreatedAtDefaultFormat" class="Mithra62\Export\Tests\ExportConfigurationModelTest" classname="Mithra62.Export.Tests.ExportConfigurationModelTest" file="D:\Projects\mithra62\products\ee\ee_export\system\user\addons\export\tests\ExportConfigurationModelTest.php" line="52" assertions="2" time="0.000654"/>
      <testcase name="testGetFormattedCreatedAtCustomFormat" class="Mithra62\Export\Tests\ExportConfigurationModelTest" classname="Mithra62.Export.Tests.ExportConfigurationModelTest" file="D:\Projects\mithra62\products\ee\ee_export\system\user\addons\export\tests\ExportConfigurationModelTest.php" line="60" assertions="1" time="0.000730"/>
    </testsuite>
    <testsuite name="Mithra62\Export\Tests\ExportServiceIntegrationTest" file="D:\Projects\mithra62\products\ee\ee_export\system\user\addons\export\tests\ExportServiceIntegrationTest.php" tests="7" assertions="7" errors="0" warnings="0" failures="0" skipped="0" time="0.018636">
      <testcase name="testValidateReturnsTrueWithValidSqlDownloadParams" class="Mithra62\Export\Tests\ExportServiceIntegrationTest" classname="Mithra62.Export.Tests.ExportServiceIntegrationTest" file="D:\Projects\mithra62\products\ee\ee_export\system\user\addons\export\tests\ExportServiceIntegrationTest.php" line="17" assertions="1" time="0.005314"/>
      <testcase name="testValidateReturnsFalseForInvalidSql" class="Mithra62\Export\Tests\ExportServiceIntegrationTest" classname="Mithra62.Export.Tests.ExportServiceIntegrationTest" file="D:\Projects\mithra62\products\ee\ee_export\system\user\addons\export\tests\ExportServiceIntegrationTest.php" line="30" assertions="1" time="0.001623"/>
      <testcase name="testValidateReturnsFalseWhenXmlMissingRootName" class="Mithra62\Export\Tests\ExportServiceIntegrationTest" classname="Mithra62.Export.Tests.ExportServiceIntegrationTest" file="D:\Projects\mithra62\products\ee\ee_export\system\user\addons\export\tests\ExportServiceIntegrationTest.php" line="43" assertions="1" time="0.001458"/>
      <testcase name="testGetErrorsPopulatedAfterFailedValidation" class="Mithra62\Export\Tests\ExportServiceIntegrationTest" classname="Mithra62.Export.Tests.ExportServiceIntegrationTest" file="D:\Projects\mithra62\products\ee\ee_export\system\user\addons\export\tests\ExportServiceIntegrationTest.php" line="57" assertions="1" time="0.001314"/>
      <testcase name="testGetErrorsEmptyAfterSuccessfulValidation" class="Mithra62\Export\Tests\ExportServiceIntegrationTest" classname="Mithra62.Export.Tests.ExportServiceIntegrationTest" file="D:\Projects\mithra62\products\ee\ee_export\system\user\addons\export\tests\ExportServiceIntegrationTest.php" line="71" assertions="1" time="0.001226"/>
      <testcase name="testBuildProducesLocalOutputFile" class="Mithra62\Export\Tests\ExportServiceIntegrationTest" classname="Mithra62.Export.Tests.ExportServiceIntegrationTest" file="D:\Projects\mithra62\products\ee\ee_export\system\user\addons\export\tests\ExportServiceIntegrationTest.php" line="87" assertions="1" time="0.003960"/>
      <testcase name="testBuildOutputFileContainsData" class="Mithra62\Export\Tests\ExportServiceIntegrationTest" classname="Mithra62.Export.Tests.ExportServiceIntegrationTest" file="D:\Projects\mithra62\products\ee\ee_export\system\user\addons\export\tests\ExportServiceIntegrationTest.php" line="108" assertions="1" time="0.003740"/>
    </testsuite>
    <testsuite name="Mithra62\Export\Tests\FieldHandlersTest" file="D:\Projects\mithra62\products\ee\ee_export\system\user\addons\export\tests\FieldHandlersTest.php" tests="14" assertions="20" errors="0" warnings="0" failures="0" skipped="0" time="0.007553">
      <testcase name="testDateProcessReturnsInt" class="Mithra62\Export\Tests\FieldHandlersTest" classname="Mithra62.Export.Tests.FieldHandlersTest" file="D:\Projects\mithra62\products\ee\ee_export\system\user\addons\export\tests\FieldHandlersTest.php" line="14" assertions="1" time="0.001906"/>
      <testcase name="testDateProcessNullReturnsZero" class="Mithra62\Export\Tests\FieldHandlersTest" classname="Mithra62.Export.Tests.FieldHandlersTest" file="D:\Projects\mithra62\products\ee\ee_export\system\user\addons\export\tests\FieldHandlersTest.php" line="19" assertions="1" time="0.000311"/>
      <testcase name="testDateProcessEmptyStringReturnsZero" class="Mithra62\Export\Tests\FieldHandlersTest" classname="Mithra62.Export.Tests.FieldHandlersTest" file="D:\Projects\mithra62\products\ee\ee_export\system\user\addons\export\tests\FieldHandlersTest.php" line="24" assertions="1" time="0.000327"/>
      <testcase name="testDateProcessIntegerPassthrough" class="Mithra62\Export\Tests\FieldHandlersTest" classname="Mithra62.Export.Tests.FieldHandlersTest" file="D:\Projects\mithra62\products\ee\ee_export\system\user\addons\export\tests\FieldHandlersTest.php" line="29" assertions="1" time="0.000366"/>
      <testcase name="testRelationshipReturnsEmptyArrayWithNoContext" class="Mithra62\Export\Tests\FieldHandlersTest" classname="Mithra62.Export.Tests.FieldHandlersTest" file="D:\Projects\mithra62\products\ee\ee_export\system\user\addons\export\tests\FieldHandlersTest.php" line="36" assertions="1" time="0.000794"/>
      <testcase name="testRelationshipReturnsEmptyArrayWhenNoChildIds" class="Mithra62\Export\Tests\FieldHandlersTest" classname="Mithra62.Export.Tests.FieldHandlersTest" file="D:\Projects\mithra62\products\ee\ee_export\system\user\addons\export\tests\FieldHandlersTest.php" line="41" assertions="1" time="0.000380"/>
      <testcase name="testRelationshipReturnsEntryIdWhenNotCached" class="Mithra62\Export\Tests\FieldHandlersTest" classname="Mithra62.Export.Tests.FieldHandlersTest" file="D:\Projects\mithra62\products\ee\ee_export\system\user\addons\export\tests\FieldHandlersTest.php" line="47" assertions="1" time="0.000306"/>
      <testcase name="testRelationshipReturnsTitleWhenCached" class="Mithra62\Export\Tests\FieldHandlersTest" classname="Mithra62.Export.Tests.FieldHandlersTest" file="D:\Projects\mithra62\products\ee\ee_export\system\user\addons\export\tests\FieldHandlersTest.php" line="54" assertions="1" time="0.000300"/>
      <testcase name="testRelationshipHandlesMultipleRelated" class="Mithra62\Export\Tests\FieldHandlersTest" classname="Mithra62.Export.Tests.FieldHandlersTest" file="D:\Projects\mithra62\products\ee\ee_export\system\user\addons\export\tests\FieldHandlersTest.php" line="64" assertions="3" time="0.000688"/>
      <testcase name="testGridReturnsEmptyArrayWithNoContext" class="Mithra62\Export\Tests\FieldHandlersTest" classname="Mithra62.Export.Tests.FieldHandlersTest" file="D:\Projects\mithra62\products\ee\ee_export\system\user\addons\export\tests\FieldHandlersTest.php" line="78" assertions="1" time="0.000803"/>
      <testcase name="testGridReturnsEmptyArrayWhenNoRows" class="Mithra62\Export\Tests\FieldHandlersTest" classname="Mithra62.Export.Tests.FieldHandlersTest" file="D:\Projects\mithra62\products\ee\ee_export\system\user\addons\export\tests\FieldHandlersTest.php" line="83" assertions="1" time="0.000325"/>
      <testcase name="testGridMapsColumnNamesToValues" class="Mithra62\Export\Tests\FieldHandlersTest" classname="Mithra62.Export.Tests.FieldHandlersTest" file="D:\Projects\mithra62\products\ee\ee_export\system\user\addons\export\tests\FieldHandlersTest.php" line="89" assertions="3" time="0.000383"/>
      <testcase name="testGridResolvesRelationshipColumn" class="Mithra62\Export\Tests\FieldHandlersTest" classname="Mithra62.Export.Tests.FieldHandlersTest" file="D:\Projects\mithra62\products\ee\ee_export\system\user\addons\export\tests\FieldHandlersTest.php" line="105" assertions="1" time="0.000321"/>
      <testcase name="testGridHandlesMultipleRows" class="Mithra62\Export\Tests\FieldHandlersTest" classname="Mithra62.Export.Tests.FieldHandlersTest" file="D:\Projects\mithra62\products\ee\ee_export\system\user\addons\export\tests\FieldHandlersTest.php" line="118" assertions="3" time="0.000343"/>
    </testsuite>
    <testsuite name="Mithra62\Export\Tests\FieldsServiceTest" file="D:\Projects\mithra62\products\ee\ee_export\system\user\addons\export\tests\FieldsServiceTest.php" tests="5" assertions="5" errors="0" warnings="0" failures="0" skipped="0" time="0.002869">
      <testcase name="testGetAllReturnsArray" class="Mithra62\Export\Tests\FieldsServiceTest" classname="Mithra62.Export.Tests.FieldsServiceTest" file="D:\Projects\mithra62\products\ee\ee_export\system\user\addons\export\tests\FieldsServiceTest.php" line="18" assertions="1" time="0.001372"/>
      <testcase name="testGetAllContainsDateKey" class="Mithra62\Export\Tests\FieldsServiceTest" classname="Mithra62.Export.Tests.FieldsServiceTest" file="D:\Projects\mithra62\products\ee\ee_export\system\user\addons\export\tests\FieldsServiceTest.php" line="23" assertions="1" time="0.000378"/>
      <testcase name="testGetFieldReturnsDateHandler" class="Mithra62\Export\Tests\FieldsServiceTest" classname="Mithra62.Export.Tests.FieldsServiceTest" file="D:\Projects\mithra62\products\ee\ee_export\system\user\addons\export\tests\FieldsServiceTest.php" line="28" assertions="1" time="0.000379"/>
      <testcase name="testGetFieldReturnsNullForUnknownType" class="Mithra62\Export\Tests\FieldsServiceTest" classname="Mithra62.Export.Tests.FieldsServiceTest" file="D:\Projects\mithra62\products\ee\ee_export\system\user\addons\export\tests\FieldsServiceTest.php" line="33" assertions="1" time="0.000375"/>
      <testcase name="testGetFieldIsCachedBetweenCalls" class="Mithra62\Export\Tests\FieldsServiceTest" classname="Mithra62.Export.Tests.FieldsServiceTest" file="D:\Projects\mithra62\products\ee\ee_export\system\user\addons\export\tests\FieldsServiceTest.php" line="38" assertions="1" time="0.000365"/>
    </testsuite>
    <testsuite name="Mithra62\Export\Tests\FormatsServiceTest" file="D:\Projects\mithra62\products\ee\ee_export\system\user\addons\export\tests\FormatsServiceTest.php" tests="6" assertions="6" errors="0" warnings="0" failures="0" skipped="0" time="0.005724">
      <testcase name="testThrowsWhenFormatParamMissing" class="Mithra62\Export\Tests\FormatsServiceTest" classname="Mithra62.Export.Tests.FormatsServiceTest" file="D:\Projects\mithra62\products\ee\ee_export\system\user\addons\export\tests\FormatsServiceTest.php" line="25" assertions="1" time="0.001705"/>
      <testcase name="testGetFormatReturnsCsv" class="Mithra62\Export\Tests\FormatsServiceTest" classname="Mithra62.Export.Tests.FormatsServiceTest" file="D:\Projects\mithra62\products\ee\ee_export\system\user\addons\export\tests\FormatsServiceTest.php" line="31" assertions="1" time="0.000371"/>
      <testcase name="testGetFormatReturnsJson" class="Mithra62\Export\Tests\FormatsServiceTest" classname="Mithra62.Export.Tests.FormatsServiceTest" file="D:\Projects\mithra62\products\ee\ee_export\system\user\addons\export\tests\FormatsServiceTest.php" line="36" assertions="1" time="0.000976"/>
      <testcase name="testGetFormatReturnsXlsx" class="Mithra62\Export\Tests\FormatsServiceTest" classname="Mithra62.Export.Tests.FormatsServiceTest" file="D:\Projects\mithra62\products\ee\ee_export\system\user\addons\export\tests\FormatsServiceTest.php" line="41" assertions="1" time="0.001027"/>
      <testcase name="testGetFormatReturnsXml" class="Mithra62\Export\Tests\FormatsServiceTest" classname="Mithra62.Export.Tests.FormatsServiceTest" file="D:\Projects\mithra62\products\ee\ee_export\system\user\addons\export\tests\FormatsServiceTest.php" line="46" assertions="1" time="0.000361"/>
      <testcase name="testThrowsForUnknownFormat" class="Mithra62\Export\Tests\FormatsServiceTest" classname="Mithra62.Export.Tests.FormatsServiceTest" file="D:\Projects\mithra62\products\ee\ee_export\system\user\addons\export\tests\FormatsServiceTest.php" line="51" assertions="1" time="0.001284"/>
    </testsuite>
    <testsuite name="Mithra62\Export\Tests\JsonFormatTest" file="D:\Projects\mithra62\products\ee\ee_export\system\user\addons\export\tests\JsonFormatTest.php" tests="6" assertions="11" errors="0" warnings="0" failures="0" skipped="0" time="0.010522">
      <testcase name="testFinalizeFileReturnsPathEndingInJson" class="Mithra62\Export\Tests\JsonFormatTest" classname="Mithra62.Export.Tests.JsonFormatTest" file="D:\Projects\mithra62\products\ee\ee_export\system\user\addons\export\tests\JsonFormatTest.php" line="26" assertions="1" time="0.001122"/>
      <testcase name="testOutputIsValidJsonArray" class="Mithra62\Export\Tests\JsonFormatTest" classname="Mithra62.Export.Tests.JsonFormatTest" file="D:\Projects\mithra62\products\ee\ee_export\system\user\addons\export\tests\JsonFormatTest.php" line="34" assertions="2" time="0.001768"/>
      <testcase name="testSingleRowWritten" class="Mithra62\Export\Tests\JsonFormatTest" classname="Mithra62.Export.Tests.JsonFormatTest" file="D:\Projects\mithra62\products\ee\ee_export\system\user\addons\export\tests\JsonFormatTest.php" line="45" assertions="2" time="0.001680"/>
      <testcase name="testMultipleChunksAccumulate" class="Mithra62\Export\Tests\JsonFormatTest" classname="Mithra62.Export.Tests.JsonFormatTest" file="D:\Projects\mithra62\products\ee\ee_export\system\user\addons\export\tests\JsonFormatTest.php" line="56" assertions="1" time="0.001997"/>
      <testcase name="testEmptyChunkProducesEmptyArray" class="Mithra62\Export\Tests\JsonFormatTest" classname="Mithra62.Export.Tests.JsonFormatTest" file="D:\Projects\mithra62\products\ee\ee_export\system\user\addons\export\tests\JsonFormatTest.php" line="67" assertions="3" time="0.001731"/>
      <testcase name="testOutputWrappedInJsonArray" class="Mithra62\Export\Tests\JsonFormatTest" classname="Mithra62.Export.Tests.JsonFormatTest" file="D:\Projects\mithra62\products\ee\ee_export\system\user\addons\export\tests\JsonFormatTest.php" line="80" assertions="2" time="0.002225"/>
    </testsuite>
    <testsuite name="Mithra62\Export\Tests\LangTest" file="D:\Projects\mithra62\products\ee\ee_export\system\user\addons\export\tests\LangTest.php" tests="12" assertions="13" errors="0" warnings="0" failures="0" skipped="0" time="0.005854">
      <testcase name="testLangFileExists" class="Mithra62\Export\Tests\LangTest" classname="Mithra62.Export.Tests.LangTest" file="D:\Projects\mithra62\products\ee\ee_export\system\user\addons\export\tests\LangTest.php" line="9" assertions="1" time="0.000702"/>
      <testcase name="testLangFormat" class="Mithra62\Export\Tests\LangTest" classname="Mithra62.Export.Tests.LangTest" file="D:\Projects\mithra62\products\ee\ee_export\system\user\addons\export\tests\LangTest.php" line="14" assertions="2" time="0.000550"/>
      <testcase name="testModuleNameKeyExists" class="Mithra62\Export\Tests\LangTest" classname="Mithra62.Export.Tests.LangTest" file="D:\Projects\mithra62\products\ee\ee_export\system\user\addons\export\tests\LangTest.php" line="25" assertions="1" time="0.000453"/>
      <testcase name="testModuleDescriptionKeyExists" class="Mithra62\Export\Tests\LangTest" classname="Mithra62.Export.Tests.LangTest" file="D:\Projects\mithra62\products\ee\ee_export\system\user\addons\export\tests\LangTest.php" line="33" assertions="1" time="0.000443"/>
      <testcase name="testCpHeadingKeyExists" class="Mithra62\Export\Tests\LangTest" classname="Mithra62.Export.Tests.LangTest" file="D:\Projects\mithra62\products\ee\ee_export\system\user\addons\export\tests\LangTest.php" line="41" assertions="1" time="0.000436"/>
      <testcase name="testSourceEntriesKeyExists" class="Mithra62\Export\Tests\LangTest" classname="Mithra62.Export.Tests.LangTest" file="D:\Projects\mithra62\products\ee\ee_export\system\user\addons\export\tests\LangTest.php" line="49" assertions="1" time="0.000428"/>
      <testcase name="testSourceMembersKeyExists" class="Mithra62\Export\Tests\LangTest" classname="Mithra62.Export.Tests.LangTest" file="D:\Projects\mithra62\products\ee\ee_export\system\user\addons\export\tests\LangTest.php" line="57" assertions="1" time="0.000434"/>
      <testcase name="testSourceSqlKeyExists" class="Mithra62\Export\Tests\LangTest" classname="Mithra62.Export.Tests.LangTest" file="D:\Projects\mithra62\products\ee\ee_export\system\user\addons\export\tests\LangTest.php" line="65" assertions="1" time="0.000535"/>
      <testcase name="testOutputDownloadKeyExists" class="Mithra62\Export\Tests\LangTest" classname="Mithra62.Export.Tests.LangTest" file="D:\Projects\mithra62\products\ee\ee_export\system\user\addons\export\tests\LangTest.php" line="73" assertions="1" time="0.000433"/>
      <testcase name="testOutputLocalKeyExists" class="Mithra62\Export\Tests\LangTest" classname="Mithra62.Export.Tests.LangTest" file="D:\Projects\mithra62\products\ee\ee_export\system\user\addons\export\tests\LangTest.php" line="81" assertions="1" time="0.000429"/>
      <testcase name="testErrHeadingKeyExists" class="Mithra62\Export\Tests\LangTest" classname="Mithra62.Export.Tests.LangTest" file="D:\Projects\mithra62\products\ee\ee_export\system\user\addons\export\tests\LangTest.php" line="89" assertions="1" time="0.000470"/>
      <testcase name="testSettingsKeyExists" class="Mithra62\Export\Tests\LangTest" classname="Mithra62.Export.Tests.LangTest" file="D:\Projects\mithra62\products\ee\ee_export\system\user\addons\export\tests\LangTest.php" line="97" assertions="1" time="0.000541"/>
    </testsuite>
    <testsuite name="Mithra62\Export\Tests\LocalOutputValidationTest" file="D:\Projects\mithra62\products\ee\ee_export\system\user\addons\export\tests\LocalOutputValidationTest.php" tests="6" assertions="6" errors="0" warnings="0" failures="0" skipped="0" time="0.004921">
      <testcase name="testShouldDieIsFalse" class="Mithra62\Export\Tests\LocalOutputValidationTest" classname="Mithra62.Export.Tests.LocalOutputValidationTest" file="D:\Projects\mithra62\products\ee\ee_export\system\user\addons\export\tests\LocalOutputValidationTest.php" line="10" assertions="1" time="0.000318"/>
      <testcase name="testValidationPassesWithValidDirAndFilename" class="Mithra62\Export\Tests\LocalOutputValidationTest" classname="Mithra62.Export.Tests.LocalOutputValidationTest" file="D:\Projects\mithra62\products\ee\ee_export\system\user\addons\export\tests\LocalOutputValidationTest.php" line="15" assertions="1" time="0.001084"/>
      <testcase name="testValidationFailsWhenFilenameMissing" class="Mithra62\Export\Tests\LocalOutputValidationTest" classname="Mithra62.Export.Tests.LocalOutputValidationTest" file="D:\Projects\mithra62\products\ee\ee_export\system\user\addons\export\tests\LocalOutputValidationTest.php" line="22" assertions="1" time="0.000669"/>
      <testcase name="testValidationFailsWhenPathMissing" class="Mithra62\Export\Tests\LocalOutputValidationTest" classname="Mithra62.Export.Tests.LocalOutputValidationTest" file="D:\Projects\mithra62\products\ee\ee_export\system\user\addons\export\tests\LocalOutputValidationTest.php" line="29" assertions="1" time="0.000534"/>
      <testcase name="testValidationFailsForNonExistentDir" class="Mithra62\Export\Tests\LocalOutputValidationTest" classname="Mithra62.Export.Tests.LocalOutputValidationTest" file="D:\Projects\mithra62\products\ee\ee_export\system\user\addons\export\tests\LocalOutputValidationTest.php" line="36" assertions="1" time="0.000705"/>
      <testcase name="testBasenamePreventsDirectoryTraversal" class="Mithra62\Export\Tests\LocalOutputValidationTest" classname="Mithra62.Export.Tests.LocalOutputValidationTest" file="D:\Projects\mithra62\products\ee\ee_export\system\user\addons\export\tests\LocalOutputValidationTest.php" line="43" assertions="1" time="0.001610"/>
    </testsuite>
    <testsuite name="Mithra62\Export\Tests\LoggerServiceTest" file="D:\Projects\mithra62\products\ee\ee_export\system\user\addons\export\tests\LoggerServiceTest.php" tests="11" assertions="13" errors="0" warnings="0" failures="0" skipped="0" time="0.004721">
      <testcase name="testInstantiates" class="Mithra62\Export\Tests\LoggerServiceTest" classname="Mithra62.Export.Tests.LoggerServiceTest" file="D:\Projects\mithra62\products\ee\ee_export\system\user\addons\export\tests\LoggerServiceTest.php" line="17" assertions="1" time="0.001133"/>
      <testcase name="testFormatContainsLevel" class="Mithra62\Export\Tests\LoggerServiceTest" classname="Mithra62.Export.Tests.LoggerServiceTest" file="D:\Projects\mithra62\products\ee\ee_export\system\user\addons\export\tests\LoggerServiceTest.php" line="22" assertions="1" time="0.000356"/>
      <testcase name="testFormatContainsMessage" class="Mithra62\Export\Tests\LoggerServiceTest" classname="Mithra62.Export.Tests.LoggerServiceTest" file="D:\Projects\mithra62\products\ee\ee_export\system\user\addons\export\tests\LoggerServiceTest.php" line="28" assertions="1" time="0.000370"/>
      <testcase name="testFormatIsNonEmptyString" class="Mithra62\Export\Tests\LoggerServiceTest" classname="Mithra62.Export.Tests.LoggerServiceTest" file="D:\Projects\mithra62\products\ee\ee_export\system\user\addons\export\tests\LoggerServiceTest.php" line="34" assertions="2" time="0.000380"/>
      <testcase name="testFormatWithContextIncludesJson" class="Mithra62\Export\Tests\LoggerServiceTest" classname="Mithra62.Export.Tests.LoggerServiceTest" file="D:\Projects\mithra62\products\ee\ee_export\system\user\addons\export\tests\LoggerServiceTest.php" line="41" assertions="2" time="0.000331"/>
      <testcase name="testFormatWithoutContextOmitsJsonBrace" class="Mithra62\Export\Tests\LoggerServiceTest" classname="Mithra62.Export.Tests.LoggerServiceTest" file="D:\Projects\mithra62\products\ee\ee_export\system\user\addons\export\tests\LoggerServiceTest.php" line="48" assertions="1" time="0.000335"/>
      <testcase name="testShouldLogReturnsTrueForError" class="Mithra62\Export\Tests\LoggerServiceTest" classname="Mithra62.Export.Tests.LoggerServiceTest" file="D:\Projects\mithra62\products\ee\ee_export\system\user\addons\export\tests\LoggerServiceTest.php" line="54" assertions="1" time="0.000338"/>
      <testcase name="testShouldLogReturnsTrueForNotice" class="Mithra62\Export\Tests\LoggerServiceTest" classname="Mithra62.Export.Tests.LoggerServiceTest" file="D:\Projects\mithra62\products\ee\ee_export\system\user\addons\export\tests\LoggerServiceTest.php" line="59" assertions="1" time="0.000420"/>
      <testcase name="testShouldLogReturnsTrueForWarning" class="Mithra62\Export\Tests\LoggerServiceTest" classname="Mithra62.Export.Tests.LoggerServiceTest" file="D:\Projects\mithra62\products\ee\ee_export\system\user\addons\export\tests\LoggerServiceTest.php" line="64" assertions="1" time="0.000402"/>
      <testcase name="testShouldLogReturnsFalseForDebug" class="Mithra62\Export\Tests\LoggerServiceTest" classname="Mithra62.Export.Tests.LoggerServiceTest" file="D:\Projects\mithra62\products\ee\ee_export\system\user\addons\export\tests\LoggerServiceTest.php" line="69" assertions="1" time="0.000328"/>
      <testcase name="testShouldLogReturnsFalseForInfo" class="Mithra62\Export\Tests\LoggerServiceTest" classname="Mithra62.Export.Tests.LoggerServiceTest" file="D:\Projects\mithra62\products\ee\ee_export\system\user\addons\export\tests\LoggerServiceTest.php" line="74" assertions="1" time="0.000329"/>
    </testsuite>
    <testsuite name="Mithra62\Export\Tests\McpTest" file="D:\Projects\mithra62\products\ee\ee_export\system\user\addons\export\tests\McpTest.php" tests="3" assertions="3" errors="0" warnings="0" failures="0" skipped="0" time="0.002360">
      <testcase name="testMcpFileExists" class="Mithra62\Export\Tests\McpTest" classname="Mithra62.Export.Tests.McpTest" file="D:\Projects\mithra62\products\ee\ee_export\system\user\addons\export\tests\McpTest.php" line="10" assertions="1" time="0.000523"/>
      <testcase name="testMcpObjectExists" class="Mithra62\Export\Tests\McpTest" classname="Mithra62.Export.Tests.McpTest" file="D:\Projects\mithra62\products\ee\ee_export\system\user\addons\export\tests\McpTest.php" line="15" assertions="1" time="0.001462"/>
      <testcase name="testMcpIsMcpInstance" class="Mithra62\Export\Tests\McpTest" classname="Mithra62.Export.Tests.McpTest" file="D:\Projects\mithra62\products\ee\ee_export\system\user\addons\export\tests\McpTest.php" line="21" assertions="1" time="0.000375"/>
    </testsuite>
    <testsuite name="Mithra62\Export\Tests\ModTest" file="D:\Projects\mithra62\products\ee\ee_export\system\user\addons\export\tests\ModTest.php" tests="3" assertions="3" errors="0" warnings="0" failures="0" skipped="0" time="0.001701">
      <testcase name="testModFileExists" class="Mithra62\Export\Tests\ModTest" classname="Mithra62.Export.Tests.ModTest" file="D:\Projects\mithra62\products\ee\ee_export\system\user\addons\export\tests\ModTest.php" line="10" assertions="1" time="0.000462"/>
      <testcase name="testModuleObjectExists" class="Mithra62\Export\Tests\ModTest" classname="Mithra62.Export.Tests.ModTest" file="D:\Projects\mithra62\products\ee\ee_export\system\user\addons\export\tests\ModTest.php" line="15" assertions="1" time="0.000946"/>
      <testcase name="testModuleIsModuleInstance" class="Mithra62\Export\Tests\ModTest" classname="Mithra62.Export.Tests.ModTest" file="D:\Projects\mithra62\products\ee\ee_export\system\user\addons\export\tests\ModTest.php" line="21" assertions="1" time="0.000294"/>
    </testsuite>
    <testsuite name="Mithra62\Export\Tests\ModifiersServiceTest" file="D:\Projects\mithra62\products\ee\ee_export\system\user\addons\export\tests\ModifiersServiceTest.php" tests="7" assertions="8" errors="0" warnings="0" failures="0" skipped="0" time="0.005857">
      <testcase name="testReturnsRowsUnchangedWhenNoModifyParams" class="Mithra62\Export\Tests\ModifiersServiceTest" classname="Mithra62.Export.Tests.ModifiersServiceTest" file="D:\Projects\mithra62\products\ee\ee_export\system\user\addons\export\tests\ModifiersServiceTest.php" line="21" assertions="1" time="0.000423"/>
      <testcase name="testAppliesUcFirst" class="Mithra62\Export\Tests\ModifiersServiceTest" classname="Mithra62.Export.Tests.ModifiersServiceTest" file="D:\Projects\mithra62\products\ee\ee_export\system\user\addons\export\tests\ModifiersServiceTest.php" line="27" assertions="1" time="0.002005"/>
      <testcase name="testAppliesUcWords" class="Mithra62\Export\Tests\ModifiersServiceTest" classname="Mithra62.Export.Tests.ModifiersServiceTest" file="D:\Projects\mithra62\products\ee\ee_export\system\user\addons\export\tests\ModifiersServiceTest.php" line="34" assertions="1" time="0.001066"/>
      <testcase name="testAppliesReplaceWith" class="Mithra62\Export\Tests\ModifiersServiceTest" classname="Mithra62.Export.Tests.ModifiersServiceTest" file="D:\Projects\mithra62\products\ee\ee_export\system\user\addons\export\tests\ModifiersServiceTest.php" line="41" assertions="1" time="0.001087"/>
      <testcase name="testChainsMultipleModifiers" class="Mithra62\Export\Tests\ModifiersServiceTest" classname="Mithra62.Export.Tests.ModifiersServiceTest" file="D:\Projects\mithra62\products\ee\ee_export\system\user\addons\export\tests\ModifiersServiceTest.php" line="48" assertions="1" time="0.000418"/>
      <testcase name="testSkipsFieldNotPresentInRow" class="Mithra62\Export\Tests\ModifiersServiceTest" classname="Mithra62.Export.Tests.ModifiersServiceTest" file="D:\Projects\mithra62\products\ee\ee_export\system\user\addons\export\tests\ModifiersServiceTest.php" line="55" assertions="1" time="0.000346"/>
      <testcase name="testAppliesModifierToAllRows" class="Mithra62\Export\Tests\ModifiersServiceTest" classname="Mithra62.Export.Tests.ModifiersServiceTest" file="D:\Projects\mithra62\products\ee\ee_export\system\user\addons\export\tests\ModifiersServiceTest.php" line="63" assertions="2" time="0.000512"/>
    </testsuite>
    <testsuite name="Mithra62\Export\Tests\ModifiersTest" file="D:\Projects\mithra62\products\ee\ee_export\system\user\addons\export\tests\ModifiersTest.php" tests="15" assertions="17" errors="0" warnings="0" failures="0" skipped="0" time="0.006490">
      <testcase name="testUcFirstLowercaseString" class="Mithra62\Export\Tests\ModifiersTest" classname="Mithra62.Export.Tests.ModifiersTest" file="D:\Projects\mithra62\products\ee\ee_export\system\user\addons\export\tests\ModifiersTest.php" line="15" assertions="1" time="0.000305"/>
      <testcase name="testUcFirstEmptyString" class="Mithra62\Export\Tests\ModifiersTest" classname="Mithra62.Export.Tests.ModifiersTest" file="D:\Projects\mithra62\products\ee\ee_export\system\user\addons\export\tests\ModifiersTest.php" line="20" assertions="1" time="0.000370"/>
      <testcase name="testUcFirstAlreadyCapitalized" class="Mithra62\Export\Tests\ModifiersTest" classname="Mithra62.Export.Tests.ModifiersTest" file="D:\Projects\mithra62\products\ee\ee_export\system\user\addons\export\tests\ModifiersTest.php" line="25" assertions="1" time="0.000365"/>
      <testcase name="testUcFirstSingleWord" class="Mithra62\Export\Tests\ModifiersTest" classname="Mithra62.Export.Tests.ModifiersTest" file="D:\Projects\mithra62\products\ee\ee_export\system\user\addons\export\tests\ModifiersTest.php" line="30" assertions="1" time="0.000328"/>
      <testcase name="testUcWordsLowercaseString" class="Mithra62\Export\Tests\ModifiersTest" classname="Mithra62.Export.Tests.ModifiersTest" file="D:\Projects\mithra62\products\ee\ee_export\system\user\addons\export\tests\ModifiersTest.php" line="37" assertions="1" time="0.000402"/>
      <testcase name="testUcWordsEmptyString" class="Mithra62\Export\Tests\ModifiersTest" classname="Mithra62.Export.Tests.ModifiersTest" file="D:\Projects\mithra62\products\ee\ee_export\system\user\addons\export\tests\ModifiersTest.php" line="42" assertions="1" time="0.000335"/>
      <testcase name="testUcWordsMultipleWords" class="Mithra62\Export\Tests\ModifiersTest" classname="Mithra62.Export.Tests.ModifiersTest" file="D:\Projects\mithra62\products\ee\ee_export\system\user\addons\export\tests\ModifiersTest.php" line="47" assertions="1" time="0.000294"/>
      <testcase name="testReplaceWithDefaultReturnsNa" class="Mithra62\Export\Tests\ModifiersTest" classname="Mithra62.Export.Tests.ModifiersTest" file="D:\Projects\mithra62\products\ee\ee_export\system\user\addons\export\tests\ModifiersTest.php" line="54" assertions="1" time="0.000384"/>
      <testcase name="testReplaceWithDefaultOnEmptyString" class="Mithra62\Export\Tests\ModifiersTest" classname="Mithra62.Export.Tests.ModifiersTest" file="D:\Projects\mithra62\products\ee\ee_export\system\user\addons\export\tests\ModifiersTest.php" line="59" assertions="1" time="0.000310"/>
      <testcase name="testReplaceWithDefaultOnNull" class="Mithra62\Export\Tests\ModifiersTest" classname="Mithra62.Export.Tests.ModifiersTest" file="D:\Projects\mithra62\products\ee\ee_export\system\user\addons\export\tests\ModifiersTest.php" line="64" assertions="1" time="0.000307"/>
      <testcase name="testReplaceWithCustomParam" class="Mithra62\Export\Tests\ModifiersTest" classname="Mithra62.Export.Tests.ModifiersTest" file="D:\Projects\mithra62\products\ee\ee_export\system\user\addons\export\tests\ModifiersTest.php" line="69" assertions="1" time="0.000398"/>
      <testcase name="testReplaceWithCustomParamIgnoresInput" class="Mithra62\Export\Tests\ModifiersTest" classname="Mithra62.Export.Tests.ModifiersTest" file="D:\Projects\mithra62\products\ee\ee_export\system\user\addons\export\tests\ModifiersTest.php" line="76" assertions="2" time="0.000337"/>
      <testcase name="testEeDateReturnsValueUnchangedWhenNoFormat" class="Mithra62\Export\Tests\ModifiersTest" classname="Mithra62.Export.Tests.ModifiersTest" file="D:\Projects\mithra62\products\ee\ee_export\system\user\addons\export\tests\ModifiersTest.php" line="86" assertions="1" time="0.000866"/>
      <testcase name="testEeDateReturnsValueUnchangedWhenValueIsZero" class="Mithra62\Export\Tests\ModifiersTest" classname="Mithra62.Export.Tests.ModifiersTest" file="D:\Projects\mithra62\products\ee\ee_export\system\user\addons\export\tests\ModifiersTest.php" line="93" assertions="1" time="0.000415"/>
      <testcase name="testEeDateFormatsTimestamp" class="Mithra62\Export\Tests\ModifiersTest" classname="Mithra62.Export.Tests.ModifiersTest" file="D:\Projects\mithra62\products\ee\ee_export\system\user\addons\export\tests\ModifiersTest.php" line="100" assertions="2" time="0.001075"/>
    </testsuite>
    <testsuite name="Mithra62\Export\Tests\OutputServiceTest" file="D:\Projects\mithra62\products\ee\ee_export\system\user\addons\export\tests\OutputServiceTest.php" tests="4" assertions="4" errors="0" warnings="0" failures="0" skipped="0" time="0.004234">
      <testcase name="testThrowsWhenOutputParamMissing" class="Mithra62\Export\Tests\OutputServiceTest" classname="Mithra62.Export.Tests.OutputServiceTest" file="D:\Projects\mithra62\products\ee\ee_export\system\user\addons\export\tests\OutputServiceTest.php" line="23" assertions="1" time="0.002562"/>
      <testcase name="testGetDestinationReturnsDownload" class="Mithra62\Export\Tests\OutputServiceTest" classname="Mithra62.Export.Tests.OutputServiceTest" file="D:\Projects\mithra62\products\ee\ee_export\system\user\addons\export\tests\OutputServiceTest.php" line="29" assertions="1" time="0.000372"/>
      <testcase name="testGetDestinationReturnsLocal" class="Mithra62\Export\Tests\OutputServiceTest" classname="Mithra62.Export.Tests.OutputServiceTest" file="D:\Projects\mithra62\products\ee\ee_export\system\user\addons\export\tests\OutputServiceTest.php" line="35" assertions="1" time="0.000373"/>
      <testcase name="testThrowsForUnknownOutput" class="Mithra62\Export\Tests\OutputServiceTest" classname="Mithra62.Export.Tests.OutputServiceTest" file="D:\Projects\mithra62\products\ee\ee_export\system\user\addons\export\tests\OutputServiceTest.php" line="45" assertions="1" time="0.000927"/>
    </testsuite>
    <testsuite name="Mithra62\Export\Tests\ParamsServiceTest" file="D:\Projects\mithra62\products\ee\ee_export\system\user\addons\export\tests\ParamsServiceTest.php" tests="13" assertions="17" errors="0" warnings="0" failures="0" skipped="0" time="0.004131">
      <testcase name="testInstantiates" class="Mithra62\Export\Tests\ParamsServiceTest" classname="Mithra62.Export.Tests.ParamsServiceTest" file="D:\Projects\mithra62\products\ee\ee_export\system\user\addons\export\tests\ParamsServiceTest.php" line="17" assertions="1" time="0.000308"/>
      <testcase name="testGetReturnsNullDefaultWhenKeyMissing" class="Mithra62\Export\Tests\ParamsServiceTest" classname="Mithra62.Export.Tests.ParamsServiceTest" file="D:\Projects\mithra62\products\ee\ee_export\system\user\addons\export\tests\ParamsServiceTest.php" line="22" assertions="1" time="0.000301"/>
      <testcase name="testGetReturnsProvidedDefaultWhenKeyMissing" class="Mithra62\Export\Tests\ParamsServiceTest" classname="Mithra62.Export.Tests.ParamsServiceTest" file="D:\Projects\mithra62\products\ee\ee_export\system\user\addons\export\tests\ParamsServiceTest.php" line="27" assertions="1" time="0.000309"/>
      <testcase name="testSetAndGet" class="Mithra62\Export\Tests\ParamsServiceTest" classname="Mithra62.Export.Tests.ParamsServiceTest" file="D:\Projects\mithra62\products\ee\ee_export\system\user\addons\export\tests\ParamsServiceTest.php" line="32" assertions="1" time="0.000303"/>
      <testcase name="testSetReturnsFluent" class="Mithra62\Export\Tests\ParamsServiceTest" classname="Mithra62.Export.Tests.ParamsServiceTest" file="D:\Projects\mithra62\products\ee\ee_export\system\user\addons\export\tests\ParamsServiceTest.php" line="38" assertions="1" time="0.000303"/>
      <testcase name="testSetParams" class="Mithra62\Export\Tests\ParamsServiceTest" classname="Mithra62.Export.Tests.ParamsServiceTest" file="D:\Projects\mithra62\products\ee\ee_export\system\user\addons\export\tests\ParamsServiceTest.php" line="43" assertions="1" time="0.000322"/>
      <testcase name="testSetParamsReturnsFluent" class="Mithra62\Export\Tests\ParamsServiceTest" classname="Mithra62.Export.Tests.ParamsServiceTest" file="D:\Projects\mithra62\products\ee\ee_export\system\user\addons\export\tests\ParamsServiceTest.php" line="49" assertions="1" time="0.000315"/>
      <testcase name="testGetAllParams" class="Mithra62\Export\Tests\ParamsServiceTest" classname="Mithra62.Export.Tests.ParamsServiceTest" file="D:\Projects\mithra62\products\ee\ee_export\system\user\addons\export\tests\ParamsServiceTest.php" line="54" assertions="1" time="0.000316"/>
      <testcase name="testGetDomainParamsStripsPrefix" class="Mithra62\Export\Tests\ParamsServiceTest" classname="Mithra62.Export.Tests.ParamsServiceTest" file="D:\Projects\mithra62\products\ee\ee_export\system\user\addons\export\tests\ParamsServiceTest.php" line="60" assertions="3" time="0.000355"/>
      <testcase name="testGetDomainParamsExcludesNonPrefixedWhenFalse" class="Mithra62\Export\Tests\ParamsServiceTest" classname="Mithra62.Export.Tests.ParamsServiceTest" file="D:\Projects\mithra62\products\ee\ee_export\system\user\addons\export\tests\ParamsServiceTest.php" line="69" assertions="1" time="0.000330"/>
      <testcase name="testGetDomainParamsIncludesAllWhenTrue" class="Mithra62\Export\Tests\ParamsServiceTest" classname="Mithra62.Export.Tests.ParamsServiceTest" file="D:\Projects\mithra62\products\ee\ee_export\system\user\addons\export\tests\ParamsServiceTest.php" line="76" assertions="2" time="0.000327"/>
      <testcase name="testGetDomainParamsReturnsEmptyWhenNoPrefixedKeys" class="Mithra62\Export\Tests\ParamsServiceTest" classname="Mithra62.Export.Tests.ParamsServiceTest" file="D:\Projects\mithra62\products\ee\ee_export\system\user\addons\export\tests\ParamsServiceTest.php" line="84" assertions="1" time="0.000316"/>
      <testcase name="testSetParamsReplacesExistingParams" class="Mithra62\Export\Tests\ParamsServiceTest" classname="Mithra62.Export.Tests.ParamsServiceTest" file="D:\Projects\mithra62\products\ee\ee_export\system\user\addons\export\tests\ParamsServiceTest.php" line="91" assertions="2" time="0.000325"/>
    </testsuite>
    <testsuite name="Mithra62\Export\Tests\ProviderMapTest" file="D:\Projects\mithra62\products\ee\ee_export\system\user\addons\export\tests\ProviderMapTest.php" tests="11" assertions="22" errors="0" warnings="0" failures="0" skipped="0" time="0.003588">
      <testcase name="testSourcesMapContainsEntries" class="Mithra62\Export\Tests\ProviderMapTest" classname="Mithra62.Export.Tests.ProviderMapTest" file="D:\Projects\mithra62\products\ee\ee_export\system\user\addons\export\tests\ProviderMapTest.php" line="28" assertions="2" time="0.000336"/>
      <testcase name="testSourcesMapContainsMembers" class="Mithra62\Export\Tests\ProviderMapTest" classname="Mithra62.Export.Tests.ProviderMapTest" file="D:\Projects\mithra62\products\ee\ee_export\system\user\addons\export\tests\ProviderMapTest.php" line="35" assertions="2" time="0.000326"/>
      <testcase name="testSourcesMapContainsSql" class="Mithra62\Export\Tests\ProviderMapTest" classname="Mithra62.Export.Tests.ProviderMapTest" file="D:\Projects\mithra62\products\ee\ee_export\system\user\addons\export\tests\ProviderMapTest.php" line="42" assertions="2" time="0.000322"/>
      <testcase name="testFormatsMapContainsCsv" class="Mithra62\Export\Tests\ProviderMapTest" classname="Mithra62.Export.Tests.ProviderMapTest" file="D:\Projects\mithra62\products\ee\ee_export\system\user\addons\export\tests\ProviderMapTest.php" line="49" assertions="2" time="0.000318"/>
      <testcase name="testFormatsMapContainsJson" class="Mithra62\Export\Tests\ProviderMapTest" classname="Mithra62.Export.Tests.ProviderMapTest" file="D:\Projects\mithra62\products\ee\ee_export\system\user\addons\export\tests\ProviderMapTest.php" line="56" assertions="2" time="0.000394"/>
      <testcase name="testFormatsMapContainsXlsx" class="Mithra62\Export\Tests\ProviderMapTest" classname="Mithra62.Export.Tests.ProviderMapTest" file="D:\Projects\mithra62\products\ee\ee_export\system\user\addons\export\tests\ProviderMapTest.php" line="63" assertions="2" time="0.000313"/>
      <testcase name="testFormatsMapContainsXml" class="Mithra62\Export\Tests\ProviderMapTest" classname="Mithra62.Export.Tests.ProviderMapTest" file="D:\Projects\mithra62\products\ee\ee_export\system\user\addons\export\tests\ProviderMapTest.php" line="70" assertions="2" time="0.000312"/>
      <testcase name="testOutputsMapContainsDownload" class="Mithra62\Export\Tests\ProviderMapTest" classname="Mithra62.Export.Tests.ProviderMapTest" file="D:\Projects\mithra62\products\ee\ee_export\system\user\addons\export\tests\ProviderMapTest.php" line="77" assertions="2" time="0.000315"/>
      <testcase name="testOutputsMapContainsLocal" class="Mithra62\Export\Tests\ProviderMapTest" classname="Mithra62.Export.Tests.ProviderMapTest" file="D:\Projects\mithra62\products\ee\ee_export\system\user\addons\export\tests\ProviderMapTest.php" line="84" assertions="2" time="0.000315"/>
      <testcase name="testModifiersMapContainsUcFirst" class="Mithra62\Export\Tests\ProviderMapTest" classname="Mithra62.Export.Tests.ProviderMapTest" file="D:\Projects\mithra62\products\ee\ee_export\system\user\addons\export\tests\ProviderMapTest.php" line="91" assertions="2" time="0.000316"/>
      <testcase name="testFieldsMapContainsDate" class="Mithra62\Export\Tests\ProviderMapTest" classname="Mithra62.Export.Tests.ProviderMapTest" file="D:\Projects\mithra62\products\ee\ee_export\system\user\addons\export\tests\ProviderMapTest.php" line="98" assertions="2" time="0.000323"/>
    </testsuite>
    <testsuite name="Mithra62\Export\Tests\ServiceResolutionTest" file="D:\Projects\mithra62\products\ee\ee_export\system\user\addons\export\tests\ServiceResolutionTest.php" tests="14" assertions="14" errors="0" warnings="0" failures="0" skipped="0" time="0.011077">
      <testcase name="testParamsServiceResolves" class="Mithra62\Export\Tests\ServiceResolutionTest" classname="Mithra62.Export.Tests.ServiceResolutionTest" file="D:\Projects\mithra62\products\ee\ee_export\system\user\addons\export\tests\ServiceResolutionTest.php" line="23" assertions="1" time="0.000490"/>
      <testcase name="testSourcesServiceResolves" class="Mithra62\Export\Tests\ServiceResolutionTest" classname="Mithra62.Export.Tests.ServiceResolutionTest" file="D:\Projects\mithra62\products\ee\ee_export\system\user\addons\export\tests\ServiceResolutionTest.php" line="28" assertions="1" time="0.000432"/>
      <testcase name="testFormatsServiceResolves" class="Mithra62\Export\Tests\ServiceResolutionTest" classname="Mithra62.Export.Tests.ServiceResolutionTest" file="D:\Projects\mithra62\products\ee\ee_export\system\user\addons\export\tests\ServiceResolutionTest.php" line="33" assertions="1" time="0.000378"/>
      <testcase name="testOutputServiceResolves" class="Mithra62\Export\Tests\ServiceResolutionTest" classname="Mithra62.Export.Tests.ServiceResolutionTest" file="D:\Projects\mithra62\products\ee\ee_export\system\user\addons\export\tests\ServiceResolutionTest.php" line="38" assertions="1" time="0.000378"/>
      <testcase name="testModifiersServiceResolves" class="Mithra62\Export\Tests\ServiceResolutionTest" classname="Mithra62.Export.Tests.ServiceResolutionTest" file="D:\Projects\mithra62\products\ee\ee_export\system\user\addons\export\tests\ServiceResolutionTest.php" line="43" assertions="1" time="0.000381"/>
      <testcase name="testXmlServiceResolves" class="Mithra62\Export\Tests\ServiceResolutionTest" classname="Mithra62.Export.Tests.ServiceResolutionTest" file="D:\Projects\mithra62\products\ee\ee_export\system\user\addons\export\tests\ServiceResolutionTest.php" line="48" assertions="1" time="0.001313"/>
      <testcase name="testExcelServiceResolves" class="Mithra62\Export\Tests\ServiceResolutionTest" classname="Mithra62.Export.Tests.ServiceResolutionTest" file="D:\Projects\mithra62\products\ee\ee_export\system\user\addons\export\tests\ServiceResolutionTest.php" line="53" assertions="1" time="0.001159"/>
      <testcase name="testLoggerServiceResolves" class="Mithra62\Export\Tests\ServiceResolutionTest" classname="Mithra62.Export.Tests.ServiceResolutionTest" file="D:\Projects\mithra62\products\ee\ee_export\system\user\addons\export\tests\ServiceResolutionTest.php" line="58" assertions="1" time="0.000434"/>
      <testcase name="testExportServiceResolves" class="Mithra62\Export\Tests\ServiceResolutionTest" classname="Mithra62.Export.Tests.ServiceResolutionTest" file="D:\Projects\mithra62\products\ee\ee_export\system\user\addons\export\tests\ServiceResolutionTest.php" line="63" assertions="1" time="0.000659"/>
      <testcase name="testActionsServiceResolves" class="Mithra62\Export\Tests\ServiceResolutionTest" classname="Mithra62.Export.Tests.ServiceResolutionTest" file="D:\Projects\mithra62\products\ee\ee_export\system\user\addons\export\tests\ServiceResolutionTest.php" line="68" assertions="1" time="0.001136"/>
      <testcase name="testEntryServiceResolves" class="Mithra62\Export\Tests\ServiceResolutionTest" classname="Mithra62.Export.Tests.ServiceResolutionTest" file="D:\Projects\mithra62\products\ee\ee_export\system\user\addons\export\tests\ServiceResolutionTest.php" line="73" assertions="1" time="0.001793"/>
      <testcase name="testFieldsServiceResolves" class="Mithra62\Export\Tests\ServiceResolutionTest" classname="Mithra62.Export.Tests.ServiceResolutionTest" file="D:\Projects\mithra62\products\ee\ee_export\system\user\addons\export\tests\ServiceResolutionTest.php" line="78" assertions="1" time="0.000380"/>
      <testcase name="testMemberServiceResolves" class="Mithra62\Export\Tests\ServiceResolutionTest" classname="Mithra62.Export.Tests.ServiceResolutionTest" file="D:\Projects\mithra62\products\ee\ee_export\system\user\addons\export\tests\ServiceResolutionTest.php" line="83" assertions="1" time="0.001001"/>
      <testcase name="testCpServiceResolves" class="Mithra62\Export\Tests\ServiceResolutionTest" classname="Mithra62.Export.Tests.ServiceResolutionTest" file="D:\Projects\mithra62\products\ee\ee_export\system\user\addons\export\tests\ServiceResolutionTest.php" line="88" assertions="1" time="0.001144"/>
    </testsuite>
    <testsuite name="Mithra62\Export\Tests\SourcesServiceTest" file="D:\Projects\mithra62\products\ee\ee_export\system\user\addons\export\tests\SourcesServiceTest.php" tests="6" assertions="6" errors="0" warnings="0" failures="0" skipped="0" time="0.005043">
      <testcase name="testThrowsWhenSourceParamMissing" class="Mithra62\Export\Tests\SourcesServiceTest" classname="Mithra62.Export.Tests.SourcesServiceTest" file="D:\Projects\mithra62\products\ee\ee_export\system\user\addons\export\tests\SourcesServiceTest.php" line="24" assertions="1" time="0.000842"/>
      <testcase name="testGetSourceReturnsSqlSource" class="Mithra62\Export\Tests\SourcesServiceTest" classname="Mithra62.Export.Tests.SourcesServiceTest" file="D:\Projects\mithra62\products\ee\ee_export\system\user\addons\export\tests\SourcesServiceTest.php" line="30" assertions="1" time="0.000463"/>
      <testcase name="testGetSourceReturnsEntriesSource" class="Mithra62\Export\Tests\SourcesServiceTest" classname="Mithra62.Export.Tests.SourcesServiceTest" file="D:\Projects\mithra62\products\ee\ee_export\system\user\addons\export\tests\SourcesServiceTest.php" line="36" assertions="1" time="0.001270"/>
      <testcase name="testGetSourceReturnsMembersSource" class="Mithra62\Export\Tests\SourcesServiceTest" classname="Mithra62.Export.Tests.SourcesServiceTest" file="D:\Projects\mithra62\products\ee\ee_export\system\user\addons\export\tests\SourcesServiceTest.php" line="42" assertions="1" time="0.001141"/>
      <testcase name="testThrowsForUnknownSource" class="Mithra62\Export\Tests\SourcesServiceTest" classname="Mithra62.Export.Tests.SourcesServiceTest" file="D:\Projects\mithra62\products\ee\ee_export\system\user\addons\export\tests\SourcesServiceTest.php" line="48" assertions="1" time="0.000840"/>
      <testcase name="testGetSourceSetsOptionsOnReturnedObject" class="Mithra62\Export\Tests\SourcesServiceTest" classname="Mithra62.Export.Tests.SourcesServiceTest" file="D:\Projects\mithra62\products\ee\ee_export\system\user\addons\export\tests\SourcesServiceTest.php" line="54" assertions="1" time="0.000488"/>
    </testsuite>
    <testsuite name="Mithra62\Export\Tests\SqlSourceValidationTest" file="D:\Projects\mithra62\products\ee\ee_export\system\user\addons\export\tests\SqlSourceValidationTest.php" tests="12" assertions="12" errors="0" warnings="0" failures="0" skipped="0" time="0.007464">
      <testcase name="testValidSelectPasses" class="Mithra62\Export\Tests\SqlSourceValidationTest" classname="Mithra62.Export.Tests.SqlSourceValidationTest" file="D:\Projects\mithra62\products\ee\ee_export\system\user\addons\export\tests\SqlSourceValidationTest.php" line="17" assertions="1" time="0.000683"/>
      <testcase name="testValidSelectWithColumnAlias" class="Mithra62\Export\Tests\SqlSourceValidationTest" classname="Mithra62.Export.Tests.SqlSourceValidationTest" file="D:\Projects\mithra62\products\ee\ee_export\system\user\addons\export\tests\SqlSourceValidationTest.php" line="22" assertions="1" time="0.000651"/>
      <testcase name="testUpdateKeywordFails" class="Mithra62\Export\Tests\SqlSourceValidationTest" classname="Mithra62.Export.Tests.SqlSourceValidationTest" file="D:\Projects\mithra62\products\ee\ee_export\system\user\addons\export\tests\SqlSourceValidationTest.php" line="27" assertions="1" time="0.000741"/>
      <testcase name="testInsertKeywordFails" class="Mithra62\Export\Tests\SqlSourceValidationTest" classname="Mithra62.Export.Tests.SqlSourceValidationTest" file="D:\Projects\mithra62\products\ee\ee_export\system\user\addons\export\tests\SqlSourceValidationTest.php" line="32" assertions="1" time="0.000595"/>
      <testcase name="testDeleteKeywordFails" class="Mithra62\Export\Tests\SqlSourceValidationTest" classname="Mithra62.Export.Tests.SqlSourceValidationTest" file="D:\Projects\mithra62\products\ee\ee_export\system\user\addons\export\tests\SqlSourceValidationTest.php" line="37" assertions="1" time="0.000677"/>
      <testcase name="testDropKeywordFails" class="Mithra62\Export\Tests\SqlSourceValidationTest" classname="Mithra62.Export.Tests.SqlSourceValidationTest" file="D:\Projects\mithra62\products\ee\ee_export\system\user\addons\export\tests\SqlSourceValidationTest.php" line="42" assertions="1" time="0.000567"/>
      <testcase name="testTruncateKeywordFails" class="Mithra62\Export\Tests\SqlSourceValidationTest" classname="Mithra62.Export.Tests.SqlSourceValidationTest" file="D:\Projects\mithra62\products\ee\ee_export\system\user\addons\export\tests\SqlSourceValidationTest.php" line="47" assertions="1" time="0.000663"/>
      <testcase name="testSemicolonFails" class="Mithra62\Export\Tests\SqlSourceValidationTest" classname="Mithra62.Export.Tests.SqlSourceValidationTest" file="D:\Projects\mithra62\products\ee\ee_export\system\user\addons\export\tests\SqlSourceValidationTest.php" line="52" assertions="1" time="0.000578"/>
      <testcase name="testLineCommentStrippedBeforeAnalysis" class="Mithra62\Export\Tests\SqlSourceValidationTest" classname="Mithra62.Export.Tests.SqlSourceValidationTest" file="D:\Projects\mithra62\products\ee\ee_export\system\user\addons\export\tests\SqlSourceValidationTest.php" line="57" assertions="1" time="0.000618"/>
      <testcase name="testBlockCommentStrippedBeforeAnalysis" class="Mithra62\Export\Tests\SqlSourceValidationTest" classname="Mithra62.Export.Tests.SqlSourceValidationTest" file="D:\Projects\mithra62\products\ee\ee_export\system\user\addons\export\tests\SqlSourceValidationTest.php" line="62" assertions="1" time="0.000620"/>
      <testcase name="testMissingQueryFailsRequired" class="Mithra62\Export\Tests\SqlSourceValidationTest" classname="Mithra62.Export.Tests.SqlSourceValidationTest" file="D:\Projects\mithra62\products\ee\ee_export\system\user\addons\export\tests\SqlSourceValidationTest.php" line="67" assertions="1" time="0.000530"/>
      <testcase name="testNotASelectFails" class="Mithra62\Export\Tests\SqlSourceValidationTest" classname="Mithra62.Export.Tests.SqlSourceValidationTest" file="D:\Projects\mithra62\products\ee\ee_export\system\user\addons\export\tests\SqlSourceValidationTest.php" line="74" assertions="1" time="0.000541"/>
    </testsuite>
    <testsuite name="Mithra62\Export\Tests\UpdTest" file="D:\Projects\mithra62\products\ee\ee_export\system\user\addons\export\tests\UpdTest.php" tests="10" assertions="10" errors="0" warnings="0" failures="0" skipped="0" time="0.004983">
      <testcase name="testUpdFileExists" class="Mithra62\Export\Tests\UpdTest" classname="Mithra62.Export.Tests.UpdTest" file="D:\Projects\mithra62\products\ee\ee_export\system\user\addons\export\tests\UpdTest.php" line="10" assertions="1" time="0.000458"/>
      <testcase name="testUpdObjectExists" class="Mithra62\Export\Tests\UpdTest" classname="Mithra62.Export.Tests.UpdTest" file="D:\Projects\mithra62\products\ee\ee_export\system\user\addons\export\tests\UpdTest.php" line="15" assertions="1" time="0.000983"/>
      <testcase name="testHasCpBackendPropertyExists" class="Mithra62\Export\Tests\UpdTest" classname="Mithra62.Export.Tests.UpdTest" file="D:\Projects\mithra62\products\ee\ee_export\system\user\addons\export\tests\UpdTest.php" line="21" assertions="1" time="0.001275"/>
      <testcase name="testCpBackendPropertyValue" class="Mithra62\Export\Tests\UpdTest" classname="Mithra62.Export.Tests.UpdTest" file="D:\Projects\mithra62\products\ee\ee_export\system\user\addons\export\tests\UpdTest.php" line="32" assertions="1" time="0.000324"/>
      <testcase name="testPublishFieldsPropertyExists" class="Mithra62\Export\Tests\UpdTest" classname="Mithra62.Export.Tests.UpdTest" file="D:\Projects\mithra62\products\ee\ee_export\system\user\addons\export\tests\UpdTest.php" line="41" assertions="1" time="0.000386"/>
      <testcase name="testPublishFieldsPropertyValue" class="Mithra62\Export\Tests\UpdTest" classname="Mithra62.Export.Tests.UpdTest" file="D:\Projects\mithra62\products\ee\ee_export\system\user\addons\export\tests\UpdTest.php" line="50" assertions="1" time="0.000300"/>
      <testcase name="testIsInstallerInstance" class="Mithra62\Export\Tests\UpdTest" classname="Mithra62.Export.Tests.UpdTest" file="D:\Projects\mithra62\products\ee\ee_export\system\user\addons\export\tests\UpdTest.php" line="59" assertions="1" time="0.000305"/>
      <testcase name="testInstallMethodExists" class="Mithra62\Export\Tests\UpdTest" classname="Mithra62.Export.Tests.UpdTest" file="D:\Projects\mithra62\products\ee\ee_export\system\user\addons\export\tests\UpdTest.php" line="68" assertions="1" time="0.000301"/>
      <testcase name="testUninstallMethodExists" class="Mithra62\Export\Tests\UpdTest" classname="Mithra62.Export.Tests.UpdTest" file="D:\Projects\mithra62\products\ee\ee_export\system\user\addons\export\tests\UpdTest.php" line="76" assertions="1" time="0.000338"/>
      <testcase name="testUpdateMethodExists" class="Mithra62\Export\Tests\UpdTest" classname="Mithra62.Export.Tests.UpdTest" file="D:\Projects\mithra62\products\ee\ee_export\system\user\addons\export\tests\UpdTest.php" line="84" assertions="1" time="0.000313"/>
    </testsuite>
    <testsuite name="Mithra62\Export\Tests\XmlFormatTest" file="D:\Projects\mithra62\products\ee\ee_export\system\user\addons\export\tests\XmlFormatTest.php" tests="6" assertions="6" errors="0" warnings="0" failures="0" skipped="0" time="0.006931">
      <testcase name="testValidationFailsWhenRootNameMissing" class="Mithra62\Export\Tests\XmlFormatTest" classname="Mithra62.Export.Tests.XmlFormatTest" file="D:\Projects\mithra62\products\ee\ee_export\system\user\addons\export\tests\XmlFormatTest.php" line="26" assertions="1" time="0.000592"/>
      <testcase name="testValidationFailsWhenBranchNameMissing" class="Mithra62\Export\Tests\XmlFormatTest" classname="Mithra62.Export.Tests.XmlFormatTest" file="D:\Projects\mithra62\products\ee\ee_export\system\user\addons\export\tests\XmlFormatTest.php" line="32" assertions="1" time="0.000623"/>
      <testcase name="testValidationPassesWithBothNames" class="Mithra62\Export\Tests\XmlFormatTest" classname="Mithra62.Export.Tests.XmlFormatTest" file="D:\Projects\mithra62\products\ee\ee_export\system\user\addons\export\tests\XmlFormatTest.php" line="38" assertions="1" time="0.000508"/>
      <testcase name="testFinalizeFileReturnsPathEndingInXml" class="Mithra62\Export\Tests\XmlFormatTest" classname="Mithra62.Export.Tests.XmlFormatTest" file="D:\Projects\mithra62\products\ee\ee_export\system\user\addons\export\tests\XmlFormatTest.php" line="44" assertions="1" time="0.001219"/>
      <testcase name="testWriteChunkProducesValidXml" class="Mithra62\Export\Tests\XmlFormatTest" classname="Mithra62.Export.Tests.XmlFormatTest" file="D:\Projects\mithra62\products\ee\ee_export\system\user\addons\export\tests\XmlFormatTest.php" line="53" assertions="1" time="0.002080"/>
      <testcase name="testFieldValuesAppearInXmlOutput" class="Mithra62\Export\Tests\XmlFormatTest" classname="Mithra62.Export.Tests.XmlFormatTest" file="D:\Projects\mithra62\products\ee\ee_export\system\user\addons\export\tests\XmlFormatTest.php" line="64" assertions="1" time="0.001910"/>
    </testsuite>
    <testsuite name="Mithra62\Export\Tests\XmlServiceTest" file="D:\Projects\mithra62\products\ee\ee_export\system\user\addons\export\tests\XmlServiceTest.php" tests="11" assertions="14" errors="0" warnings="0" failures="0" skipped="0" time="0.005556">
      <testcase name="testInstantiates" class="Mithra62\Export\Tests\XmlServiceTest" classname="Mithra62.Export.Tests.XmlServiceTest" file="D:\Projects\mithra62\products\ee\ee_export\system\user\addons\export\tests\XmlServiceTest.php" line="10" assertions="1" time="0.000301"/>
      <testcase name="testSetRootNameReturnsFluent" class="Mithra62\Export\Tests\XmlServiceTest" classname="Mithra62.Export.Tests.XmlServiceTest" file="D:\Projects\mithra62\products\ee\ee_export\system\user\addons\export\tests\XmlServiceTest.php" line="15" assertions="1" time="0.000381"/>
      <testcase name="testInitiateProducesXmlDeclaration" class="Mithra62\Export\Tests\XmlServiceTest" classname="Mithra62.Export.Tests.XmlServiceTest" file="D:\Projects\mithra62\products\ee\ee_export\system\user\addons\export\tests\XmlServiceTest.php" line="21" assertions="1" time="0.000327"/>
      <testcase name="testInitiateProducesRootElement" class="Mithra62\Export\Tests\XmlServiceTest" classname="Mithra62.Export.Tests.XmlServiceTest" file="D:\Projects\mithra62\products\ee\ee_export\system\user\addons\export\tests\XmlServiceTest.php" line="30" assertions="1" time="0.000325"/>
      <testcase name="testStartAndEndBranchCreatesChildElement" class="Mithra62\Export\Tests\XmlServiceTest" classname="Mithra62.Export.Tests.XmlServiceTest" file="D:\Projects\mithra62\products\ee\ee_export\system\user\addons\export\tests\XmlServiceTest.php" line="39" assertions="1" time="0.000420"/>
      <testcase name="testAddNodeWritesScalarValue" class="Mithra62\Export\Tests\XmlServiceTest" classname="Mithra62.Export.Tests.XmlServiceTest" file="D:\Projects\mithra62\products\ee\ee_export\system\user\addons\export\tests\XmlServiceTest.php" line="50" assertions="2" time="0.000356"/>
      <testcase name="testAddXmlNodesScalarValue" class="Mithra62\Export\Tests\XmlServiceTest" classname="Mithra62.Export.Tests.XmlServiceTest" file="D:\Projects\mithra62\products\ee\ee_export\system\user\addons\export\tests\XmlServiceTest.php" line="63" assertions="1" time="0.000436"/>
      <testcase name="testAddXmlNodesNumericKeyUsesItemWithIndex" class="Mithra62\Export\Tests\XmlServiceTest" classname="Mithra62.Export.Tests.XmlServiceTest" file="D:\Projects\mithra62\products\ee\ee_export\system\user\addons\export\tests\XmlServiceTest.php" line="75" assertions="1" time="0.000381"/>
      <testcase name="testAddXmlNodesNestedArrayCreatesChildElements" class="Mithra62\Export\Tests\XmlServiceTest" classname="Mithra62.Export.Tests.XmlServiceTest" file="D:\Projects\mithra62\products\ee\ee_export\system\user\addons\export\tests\XmlServiceTest.php" line="87" assertions="2" time="0.000493"/>
      <testcase name="testSetCharSetAppearsInXmlDeclaration" class="Mithra62\Export\Tests\XmlServiceTest" classname="Mithra62.Export.Tests.XmlServiceTest" file="D:\Projects\mithra62\products\ee\ee_export\system\user\addons\export\tests\XmlServiceTest.php" line="100" assertions="1" time="0.000327"/>
      <testcase name="testInitiateFileWritesToDisk" class="Mithra62\Export\Tests\XmlServiceTest" classname="Mithra62.Export.Tests.XmlServiceTest" file="D:\Projects\mithra62\products\ee\ee_export\system\user\addons\export\tests\XmlServiceTest.php" line="110" assertions="2" time="0.001809"/>
    </testsuite>
  </testsuite>
</testsuites>
