<?xml version="1.0" encoding="UTF-8"?>
<testsuites>
  <testsuite name="D:\Projects\mithra62\products\ee\ee_export\system\user\addons\export\tests" tests="240" assertions="301" errors="0" warnings="0" failures="0" skipped="0" time="0.211556">
    <testsuite name="Mithra62\Export\Tests\AbstractSourceCleanFieldsTest" file="D:\Projects\mithra62\products\ee\ee_export\system\user\addons\export\tests\AbstractSourceCleanFieldsTest.php" tests="10" assertions="12" errors="0" warnings="0" failures="0" skipped="0" time="0.010716">
      <testcase name="testReturnsAllWhenNoWhitelistOrBlacklist" class="Mithra62\Export\Tests\AbstractSourceCleanFieldsTest" classname="Mithra62.Export.Tests.AbstractSourceCleanFieldsTest" file="D:\Projects\mithra62\products\ee\ee_export\system\user\addons\export\tests\AbstractSourceCleanFieldsTest.php" line="17" assertions="1" time="0.006665"/>
      <testcase name="testWhitelistFromArray" class="Mithra62\Export\Tests\AbstractSourceCleanFieldsTest" classname="Mithra62.Export.Tests.AbstractSourceCleanFieldsTest" file="D:\Projects\mithra62\products\ee\ee_export\system\user\addons\export\tests\AbstractSourceCleanFieldsTest.php" line="24" assertions="1" time="0.000415"/>
      <testcase name="testWhitelistFromPipeString" class="Mithra62\Export\Tests\AbstractSourceCleanFieldsTest" classname="Mithra62.Export.Tests.AbstractSourceCleanFieldsTest" file="D:\Projects\mithra62\products\ee\ee_export\system\user\addons\export\tests\AbstractSourceCleanFieldsTest.php" line="32" assertions="1" time="0.000344"/>
      <testcase name="testWhitelistPreservesDeclarationOrder" class="Mithra62\Export\Tests\AbstractSourceCleanFieldsTest" classname="Mithra62.Export.Tests.AbstractSourceCleanFieldsTest" file="D:\Projects\mithra62\products\ee\ee_export\system\user\addons\export\tests\AbstractSourceCleanFieldsTest.php" line="40" assertions="1" time="0.000323"/>
      <testcase name="testWhitelistSilentlyIgnoresMissingColumns" class="Mithra62\Export\Tests\AbstractSourceCleanFieldsTest" classname="Mithra62.Export.Tests.AbstractSourceCleanFieldsTest" file="D:\Projects\mithra62\products\ee\ee_export\system\user\addons\export\tests\AbstractSourceCleanFieldsTest.php" line="48" assertions="1" time="0.000323"/>
      <testcase name="testExcludeFromArray" class="Mithra62\Export\Tests\AbstractSourceCleanFieldsTest" classname="Mithra62.Export.Tests.AbstractSourceCleanFieldsTest" file="D:\Projects\mithra62\products\ee\ee_export\system\user\addons\export\tests\AbstractSourceCleanFieldsTest.php" line="56" assertions="1" time="0.000337"/>
      <testcase name="testExcludeFromPipeString" class="Mithra62\Export\Tests\AbstractSourceCleanFieldsTest" classname="Mithra62.Export.Tests.AbstractSourceCleanFieldsTest" file="D:\Projects\mithra62\products\ee\ee_export\system\user\addons\export\tests\AbstractSourceCleanFieldsTest.php" line="64" assertions="1" time="0.000387"/>
      <testcase name="testWhitelistTakesPriorityOverExclude" class="Mithra62\Export\Tests\AbstractSourceCleanFieldsTest" classname="Mithra62.Export.Tests.AbstractSourceCleanFieldsTest" file="D:\Projects\mithra62\products\ee\ee_export\system\user\addons\export\tests\AbstractSourceCleanFieldsTest.php" line="72" assertions="1" time="0.000336"/>
      <testcase name="testEmptyArrayWhitelistIsIgnored" class="Mithra62\Export\Tests\AbstractSourceCleanFieldsTest" classname="Mithra62.Export.Tests.AbstractSourceCleanFieldsTest" file="D:\Projects\mithra62\products\ee\ee_export\system\user\addons\export\tests\AbstractSourceCleanFieldsTest.php" line="80" assertions="1" time="0.000395"/>
      <testcase name="testTrimsSpacesInPipeString" class="Mithra62\Export\Tests\AbstractSourceCleanFieldsTest" classname="Mithra62.Export.Tests.AbstractSourceCleanFieldsTest" file="D:\Projects\mithra62\products\ee\ee_export\system\user\addons\export\tests\AbstractSourceCleanFieldsTest.php" line="88" assertions="3" time="0.001191"/>
    </testsuite>
    <testsuite name="Mithra62\Export\Tests\AddonSetupTest" file="D:\Projects\mithra62\products\ee\ee_export\system\user\addons\export\tests\AddonSetupTest.php" tests="13" assertions="30" errors="0" warnings="0" failures="0" skipped="0" time="0.005903">
      <testcase name="testFileExists" class="Mithra62\Export\Tests\AddonSetupTest" classname="Mithra62.Export.Tests.AddonSetupTest" file="D:\Projects\mithra62\products\ee\ee_export\system\user\addons\export\tests\AddonSetupTest.php" line="10" assertions="1" time="0.000523"/>
      <testcase name="testAuthorValue" class="Mithra62\Export\Tests\AddonSetupTest" classname="Mithra62.Export.Tests.AddonSetupTest" file="D:\Projects\mithra62\products\ee\ee_export\system\user\addons\export\tests\AddonSetupTest.php" line="15" assertions="1" time="0.000434"/>
      <testcase name="testNameValue" class="Mithra62\Export\Tests\AddonSetupTest" classname="Mithra62.Export.Tests.AddonSetupTest" file="D:\Projects\mithra62\products\ee\ee_export\system\user\addons\export\tests\AddonSetupTest.php" line="25" assertions="1" time="0.000404"/>
      <testcase name="testNamespaceValue" class="Mithra62\Export\Tests\AddonSetupTest" classname="Mithra62.Export.Tests.AddonSetupTest" file="D:\Projects\mithra62\products\ee\ee_export\system\user\addons\export\tests\AddonSetupTest.php" line="34" assertions="1" time="0.000337"/>
      <testcase name="testVersionValue" class="Mithra62\Export\Tests\AddonSetupTest" classname="Mithra62.Export.Tests.AddonSetupTest" file="D:\Projects\mithra62\products\ee\ee_export\system\user\addons\export\tests\AddonSetupTest.php" line="43" assertions="1" time="0.000615"/>
      <testcase name="testSettingsExistValue" class="Mithra62\Export\Tests\AddonSetupTest" classname="Mithra62.Export.Tests.AddonSetupTest" file="D:\Projects\mithra62\products\ee\ee_export\system\user\addons\export\tests\AddonSetupTest.php" line="52" assertions="1" time="0.000522"/>
      <testcase name="testTestsPathDeclared" class="Mithra62\Export\Tests\AddonSetupTest" classname="Mithra62.Export.Tests.AddonSetupTest" file="D:\Projects\mithra62\products\ee\ee_export\system\user\addons\export\tests\AddonSetupTest.php" line="61" assertions="2" time="0.000714"/>
      <testcase name="testExportLayerSourcesRegistered" class="Mithra62\Export\Tests\AddonSetupTest" classname="Mithra62.Export.Tests.AddonSetupTest" file="D:\Projects\mithra62\products\ee\ee_export\system\user\addons\export\tests\AddonSetupTest.php" line="72" assertions="5" time="0.000372"/>
      <testcase name="testExportLayerFormatsRegistered" class="Mithra62\Export\Tests\AddonSetupTest" classname="Mithra62.Export.Tests.AddonSetupTest" file="D:\Projects\mithra62\products\ee\ee_export\system\user\addons\export\tests\AddonSetupTest.php" line="86" assertions="4" time="0.000357"/>
      <testcase name="testExportLayerModifiersRegistered" class="Mithra62\Export\Tests\AddonSetupTest" classname="Mithra62.Export.Tests.AddonSetupTest" file="D:\Projects\mithra62\products\ee\ee_export\system\user\addons\export\tests\AddonSetupTest.php" line="99" assertions="5" time="0.000450"/>
      <testcase name="testExportLayerOutputsRegistered" class="Mithra62\Export\Tests\AddonSetupTest" classname="Mithra62.Export.Tests.AddonSetupTest" file="D:\Projects\mithra62\products\ee\ee_export\system\user\addons\export\tests\AddonSetupTest.php" line="113" assertions="2" time="0.000331"/>
      <testcase name="testExportLayerFieldsRegistered" class="Mithra62\Export\Tests\AddonSetupTest" classname="Mithra62.Export.Tests.AddonSetupTest" file="D:\Projects\mithra62\products\ee\ee_export\system\user\addons\export\tests\AddonSetupTest.php" line="124" assertions="5" time="0.000514"/>
      <testcase name="testModelRegistered" class="Mithra62\Export\Tests\AddonSetupTest" classname="Mithra62.Export.Tests.AddonSetupTest" file="D:\Projects\mithra62\products\ee\ee_export\system\user\addons\export\tests\AddonSetupTest.php" line="138" assertions="1" time="0.000328"/>
    </testsuite>
    <testsuite name="Mithra62\Export\Tests\ComposerTest" file="D:\Projects\mithra62\products\ee\ee_export\system\user\addons\export\tests\ComposerTest.php" tests="5" assertions="6" errors="0" warnings="0" failures="0" skipped="0" time="0.002061">
      <testcase name="testComposerFileExists" class="Mithra62\Export\Tests\ComposerTest" classname="Mithra62.Export.Tests.ComposerTest" file="D:\Projects\mithra62\products\ee\ee_export\system\user\addons\export\tests\ComposerTest.php" line="9" assertions="1" time="0.000457"/>
      <testcase name="testComposerIsValidJson" class="Mithra62\Export\Tests\ComposerTest" classname="Mithra62.Export.Tests.ComposerTest" file="D:\Projects\mithra62\products\ee\ee_export\system\user\addons\export\tests\ComposerTest.php" line="14" assertions="1" time="0.000383"/>
      <testcase name="testOpenSpoutRequired" class="Mithra62\Export\Tests\ComposerTest" classname="Mithra62.Export.Tests.ComposerTest" file="D:\Projects\mithra62\products\ee\ee_export\system\user\addons\export\tests\ComposerTest.php" line="25" assertions="2" time="0.000370"/>
      <testcase name="testVendorDirectoryExists" class="Mithra62\Export\Tests\ComposerTest" classname="Mithra62.Export.Tests.ComposerTest" file="D:\Projects\mithra62\products\ee\ee_export\system\user\addons\export\tests\ComposerTest.php" line="32" assertions="1" time="0.000481"/>
      <testcase name="testAutoloadFileExists" class="Mithra62\Export\Tests\ComposerTest" classname="Mithra62.Export.Tests.ComposerTest" file="D:\Projects\mithra62\products\ee\ee_export\system\user\addons\export\tests\ComposerTest.php" line="37" assertions="1" time="0.000370"/>
    </testsuite>
    <testsuite name="Mithra62\Export\Tests\CpValidationBridgeTest" file="D:\Projects\mithra62\products\ee\ee_export\system\user\addons\export\tests\CpValidationBridgeTest.php" tests="5" assertions="5" errors="0" warnings="0" failures="0" skipped="0" time="0.014074">
      <testcase name="testGetErrorsEmptyWhenAllValid" class="Mithra62\Export\Tests\CpValidationBridgeTest" classname="Mithra62.Export.Tests.CpValidationBridgeTest" file="D:\Projects\mithra62\products\ee\ee_export\system\user\addons\export\tests\CpValidationBridgeTest.php" line="17" assertions="1" time="0.007078"/>
      <testcase name="testGetErrorsReturnsMissingQueryError" class="Mithra62\Export\Tests\CpValidationBridgeTest" classname="Mithra62.Export.Tests.CpValidationBridgeTest" file="D:\Projects\mithra62\products\ee\ee_export\system\user\addons\export\tests\CpValidationBridgeTest.php" line="28" assertions="1" time="0.002718"/>
      <testcase name="testGetErrorsReturnsMissingFilenameError" class="Mithra62\Export\Tests\CpValidationBridgeTest" classname="Mithra62.Export.Tests.CpValidationBridgeTest" file="D:\Projects\mithra62\products\ee\ee_export\system\user\addons\export\tests\CpValidationBridgeTest.php" line="40" assertions="1" time="0.001150"/>
      <testcase name="testGetErrorsXmlMissingRootName" class="Mithra62\Export\Tests\CpValidationBridgeTest" classname="Mithra62.Export.Tests.CpValidationBridgeTest" file="D:\Projects\mithra62\products\ee\ee_export\system\user\addons\export\tests\CpValidationBridgeTest.php" line="52" assertions="1" time="0.002482"/>
      <testcase name="testGetErrorsReturnsEmptyForUnknownSource" class="Mithra62\Export\Tests\CpValidationBridgeTest" classname="Mithra62.Export.Tests.CpValidationBridgeTest" file="D:\Projects\mithra62\products\ee\ee_export\system\user\addons\export\tests\CpValidationBridgeTest.php" line="65" assertions="1" time="0.000646"/>
    </testsuite>
    <testsuite name="Mithra62\Export\Tests\CsvFormatTest" file="D:\Projects\mithra62\products\ee\ee_export\system\user\addons\export\tests\CsvFormatTest.php" tests="7" assertions="8" errors="0" warnings="0" failures="0" skipped="0" time="0.014969">
      <testcase name="testOpenFileWriteChunkFinalizeProducesFile" class="Mithra62\Export\Tests\CsvFormatTest" classname="Mithra62.Export.Tests.CsvFormatTest" file="D:\Projects\mithra62\products\ee\ee_export\system\user\addons\export\tests\CsvFormatTest.php" line="26" assertions="1" time="0.001738"/>
      <testcase name="testFinalizeFileReturnsPathEndingInCsv" class="Mithra62\Export\Tests\CsvFormatTest" classname="Mithra62.Export.Tests.CsvFormatTest" file="D:\Projects\mithra62\products\ee\ee_export\system\user\addons\export\tests\CsvFormatTest.php" line="35" assertions="1" time="0.001658"/>
      <testcase name="testHeaderRowWrittenOnce" class="Mithra62\Export\Tests\CsvFormatTest" classname="Mithra62.Export.Tests.CsvFormatTest" file="D:\Projects\mithra62\products\ee\ee_export\system\user\addons\export\tests\CsvFormatTest.php" line="44" assertions="1" time="0.002357"/>
      <testcase name="testColumnValuesAppearInOutput" class="Mithra62\Export\Tests\CsvFormatTest" classname="Mithra62.Export.Tests.CsvFormatTest" file="D:\Projects\mithra62\products\ee\ee_export\system\user\addons\export\tests\CsvFormatTest.php" line="55" assertions="2" time="0.002475"/>
      <testcase name="testArrayValuesFlattenedToJson" class="Mithra62\Export\Tests\CsvFormatTest" classname="Mithra62.Export.Tests.CsvFormatTest" file="D:\Projects\mithra62\products\ee\ee_export\system\user\addons\export\tests\CsvFormatTest.php" line="66" assertions="1" time="0.002605"/>
      <testcase name="testNullValueProducesEmptyCell" class="Mithra62\Export\Tests\CsvFormatTest" classname="Mithra62.Export.Tests.CsvFormatTest" file="D:\Projects\mithra62\products\ee\ee_export\system\user\addons\export\tests\CsvFormatTest.php" line="76" assertions="1" time="0.002080"/>
      <testcase name="testCustomSeparatorAppearsInOutput" class="Mithra62\Export\Tests\CsvFormatTest" classname="Mithra62.Export.Tests.CsvFormatTest" file="D:\Projects\mithra62\products\ee\ee_export\system\user\addons\export\tests\CsvFormatTest.php" line="87" assertions="1" time="0.002056"/>
    </testsuite>
    <testsuite name="Mithra62\Export\Tests\DownloadOutputValidationTest" file="D:\Projects\mithra62\products\ee\ee_export\system\user\addons\export\tests\DownloadOutputValidationTest.php" tests="4" assertions="4" errors="0" warnings="0" failures="0" skipped="0" time="0.002554">
      <testcase name="testShouldDieIsTrue" class="Mithra62\Export\Tests\DownloadOutputValidationTest" classname="Mithra62.Export.Tests.DownloadOutputValidationTest" file="D:\Projects\mithra62\products\ee\ee_export\system\user\addons\export\tests\DownloadOutputValidationTest.php" line="10" assertions="1" time="0.000339"/>
      <testcase name="testValidationPassesWhenFilenameSet" class="Mithra62\Export\Tests\DownloadOutputValidationTest" classname="Mithra62.Export.Tests.DownloadOutputValidationTest" file="D:\Projects\mithra62\products\ee\ee_export\system\user\addons\export\tests\DownloadOutputValidationTest.php" line="15" assertions="1" time="0.000634"/>
      <testcase name="testValidationFailsWhenFilenameEmpty" class="Mithra62\Export\Tests\DownloadOutputValidationTest" classname="Mithra62.Export.Tests.DownloadOutputValidationTest" file="D:\Projects\mithra62\products\ee\ee_export\system\user\addons\export\tests\DownloadOutputValidationTest.php" line="22" assertions="1" time="0.000911"/>
      <testcase name="testValidationFailsWhenFilenameAbsent" class="Mithra62\Export\Tests\DownloadOutputValidationTest" classname="Mithra62.Export.Tests.DownloadOutputValidationTest" file="D:\Projects\mithra62\products\ee\ee_export\system\user\addons\export\tests\DownloadOutputValidationTest.php" line="29" assertions="1" time="0.000670"/>
    </testsuite>
    <testsuite name="Mithra62\Export\Tests\ExportConfigurationModelTest" file="D:\Projects\mithra62\products\ee\ee_export\system\user\addons\export\tests\ExportConfigurationModelTest.php" tests="8" assertions="9" errors="0" warnings="0" failures="0" skipped="0" time="0.008455">
      <testcase name="testMakeReturnsModel" class="Mithra62\Export\Tests\ExportConfigurationModelTest" classname="Mithra62.Export.Tests.ExportConfigurationModelTest" file="D:\Projects\mithra62\products\ee\ee_export\system\user\addons\export\tests\ExportConfigurationModelTest.php" line="17" assertions="1" time="0.003583"/>
      <testcase name="testGetSettingsReturnsEmptyArrayWhenSettingsIsNull" class="Mithra62\Export\Tests\ExportConfigurationModelTest" classname="Mithra62.Export.Tests.ExportConfigurationModelTest" file="D:\Projects\mithra62\products\ee\ee_export\system\user\addons\export\tests\ExportConfigurationModelTest.php" line="22" assertions="1" time="0.000702"/>
      <testcase name="testGetSettingsDecodesJson" class="Mithra62\Export\Tests\ExportConfigurationModelTest" classname="Mithra62.Export.Tests.ExportConfigurationModelTest" file="D:\Projects\mithra62\products\ee\ee_export\system\user\addons\export\tests\ExportConfigurationModelTest.php" line="27" assertions="1" time="0.000777"/>
      <testcase name="testSetSettingsRoundTrip" class="Mithra62\Export\Tests\ExportConfigurationModelTest" classname="Mithra62.Export.Tests.ExportConfigurationModelTest" file="D:\Projects\mithra62\products\ee\ee_export\system\user\addons\export\tests\ExportConfigurationModelTest.php" line="33" assertions="1" time="0.000636"/>
      <testcase name="testSetSettingsNestedArray" class="Mithra62\Export\Tests\ExportConfigurationModelTest" classname="Mithra62.Export.Tests.ExportConfigurationModelTest" file="D:\Projects\mithra62\products\ee\ee_export\system\user\addons\export\tests\ExportConfigurationModelTest.php" line="40" assertions="1" time="0.000726"/>
      <testcase name="testGetFormattedCreatedAtReturnsEmptyStringWhenNull" class="Mithra62\Export\Tests\ExportConfigurationModelTest" classname="Mithra62.Export.Tests.ExportConfigurationModelTest" file="D:\Projects\mithra62\products\ee\ee_export\system\user\addons\export\tests\ExportConfigurationModelTest.php" line="47" assertions="1" time="0.000644"/>
      <testcase name="testGetFormattedCreatedAtDefaultFormat" class="Mithra62\Export\Tests\ExportConfigurationModelTest" classname="Mithra62.Export.Tests.ExportConfigurationModelTest" file="D:\Projects\mithra62\products\ee\ee_export\system\user\addons\export\tests\ExportConfigurationModelTest.php" line="52" assertions="2" time="0.000693"/>
      <testcase name="testGetFormattedCreatedAtCustomFormat" class="Mithra62\Export\Tests\ExportConfigurationModelTest" classname="Mithra62.Export.Tests.ExportConfigurationModelTest" file="D:\Projects\mithra62\products\ee\ee_export\system\user\addons\export\tests\ExportConfigurationModelTest.php" line="60" assertions="1" time="0.000694"/>
    </testsuite>
    <testsuite name="Mithra62\Export\Tests\ExportServiceIntegrationTest" file="D:\Projects\mithra62\products\ee\ee_export\system\user\addons\export\tests\ExportServiceIntegrationTest.php" tests="7" assertions="7" errors="0" warnings="0" failures="0" skipped="0" time="0.022208">
      <testcase name="testValidateReturnsTrueWithValidSqlDownloadParams" class="Mithra62\Export\Tests\ExportServiceIntegrationTest" classname="Mithra62.Export.Tests.ExportServiceIntegrationTest" file="D:\Projects\mithra62\products\ee\ee_export\system\user\addons\export\tests\ExportServiceIntegrationTest.php" line="17" assertions="1" time="0.005383"/>
      <testcase name="testValidateReturnsFalseForInvalidSql" class="Mithra62\Export\Tests\ExportServiceIntegrationTest" classname="Mithra62.Export.Tests.ExportServiceIntegrationTest" file="D:\Projects\mithra62\products\ee\ee_export\system\user\addons\export\tests\ExportServiceIntegrationTest.php" line="30" assertions="1" time="0.002318"/>
      <testcase name="testValidateReturnsFalseWhenXmlMissingRootName" class="Mithra62\Export\Tests\ExportServiceIntegrationTest" classname="Mithra62.Export.Tests.ExportServiceIntegrationTest" file="D:\Projects\mithra62\products\ee\ee_export\system\user\addons\export\tests\ExportServiceIntegrationTest.php" line="43" assertions="1" time="0.001421"/>
      <testcase name="testGetErrorsPopulatedAfterFailedValidation" class="Mithra62\Export\Tests\ExportServiceIntegrationTest" classname="Mithra62.Export.Tests.ExportServiceIntegrationTest" file="D:\Projects\mithra62\products\ee\ee_export\system\user\addons\export\tests\ExportServiceIntegrationTest.php" line="57" assertions="1" time="0.001792"/>
      <testcase name="testGetErrorsEmptyAfterSuccessfulValidation" class="Mithra62\Export\Tests\ExportServiceIntegrationTest" classname="Mithra62.Export.Tests.ExportServiceIntegrationTest" file="D:\Projects\mithra62\products\ee\ee_export\system\user\addons\export\tests\ExportServiceIntegrationTest.php" line="71" assertions="1" time="0.002622"/>
      <testcase name="testBuildProducesLocalOutputFile" class="Mithra62\Export\Tests\ExportServiceIntegrationTest" classname="Mithra62.Export.Tests.ExportServiceIntegrationTest" file="D:\Projects\mithra62\products\ee\ee_export\system\user\addons\export\tests\ExportServiceIntegrationTest.php" line="87" assertions="1" time="0.004917"/>
      <testcase name="testBuildOutputFileContainsData" class="Mithra62\Export\Tests\ExportServiceIntegrationTest" classname="Mithra62.Export.Tests.ExportServiceIntegrationTest" file="D:\Projects\mithra62\products\ee\ee_export\system\user\addons\export\tests\ExportServiceIntegrationTest.php" line="108" assertions="1" time="0.003755"/>
    </testsuite>
    <testsuite name="Mithra62\Export\Tests\FieldHandlersTest" file="D:\Projects\mithra62\products\ee\ee_export\system\user\addons\export\tests\FieldHandlersTest.php" tests="14" assertions="20" errors="0" warnings="0" failures="0" skipped="0" time="0.007786">
      <testcase name="testDateProcessReturnsInt" class="Mithra62\Export\Tests\FieldHandlersTest" classname="Mithra62.Export.Tests.FieldHandlersTest" file="D:\Projects\mithra62\products\ee\ee_export\system\user\addons\export\tests\FieldHandlersTest.php" line="14" assertions="1" time="0.001957"/>
      <testcase name="testDateProcessNullReturnsZero" class="Mithra62\Export\Tests\FieldHandlersTest" classname="Mithra62.Export.Tests.FieldHandlersTest" file="D:\Projects\mithra62\products\ee\ee_export\system\user\addons\export\tests\FieldHandlersTest.php" line="19" assertions="1" time="0.000349"/>
      <testcase name="testDateProcessEmptyStringReturnsZero" class="Mithra62\Export\Tests\FieldHandlersTest" classname="Mithra62.Export.Tests.FieldHandlersTest" file="D:\Projects\mithra62\products\ee\ee_export\system\user\addons\export\tests\FieldHandlersTest.php" line="24" assertions="1" time="0.000363"/>
      <testcase name="testDateProcessIntegerPassthrough" class="Mithra62\Export\Tests\FieldHandlersTest" classname="Mithra62.Export.Tests.FieldHandlersTest" file="D:\Projects\mithra62\products\ee\ee_export\system\user\addons\export\tests\FieldHandlersTest.php" line="29" assertions="1" time="0.000413"/>
      <testcase name="testRelationshipReturnsEmptyArrayWithNoContext" class="Mithra62\Export\Tests\FieldHandlersTest" classname="Mithra62.Export.Tests.FieldHandlersTest" file="D:\Projects\mithra62\products\ee\ee_export\system\user\addons\export\tests\FieldHandlersTest.php" line="36" assertions="1" time="0.000841"/>
      <testcase name="testRelationshipReturnsEmptyArrayWhenNoChildIds" class="Mithra62\Export\Tests\FieldHandlersTest" classname="Mithra62.Export.Tests.FieldHandlersTest" file="D:\Projects\mithra62\products\ee\ee_export\system\user\addons\export\tests\FieldHandlersTest.php" line="41" assertions="1" time="0.000317"/>
      <testcase name="testRelationshipReturnsEntryIdWhenNotCached" class="Mithra62\Export\Tests\FieldHandlersTest" classname="Mithra62.Export.Tests.FieldHandlersTest" file="D:\Projects\mithra62\products\ee\ee_export\system\user\addons\export\tests\FieldHandlersTest.php" line="47" assertions="1" time="0.000309"/>
      <testcase name="testRelationshipReturnsTitleWhenCached" class="Mithra62\Export\Tests\FieldHandlersTest" classname="Mithra62.Export.Tests.FieldHandlersTest" file="D:\Projects\mithra62\products\ee\ee_export\system\user\addons\export\tests\FieldHandlersTest.php" line="54" assertions="1" time="0.000311"/>
      <testcase name="testRelationshipHandlesMultipleRelated" class="Mithra62\Export\Tests\FieldHandlersTest" classname="Mithra62.Export.Tests.FieldHandlersTest" file="D:\Projects\mithra62\products\ee\ee_export\system\user\addons\export\tests\FieldHandlersTest.php" line="64" assertions="3" time="0.000632"/>
      <testcase name="testGridReturnsEmptyArrayWithNoContext" class="Mithra62\Export\Tests\FieldHandlersTest" classname="Mithra62.Export.Tests.FieldHandlersTest" file="D:\Projects\mithra62\products\ee\ee_export\system\user\addons\export\tests\FieldHandlersTest.php" line="78" assertions="1" time="0.000856"/>
      <testcase name="testGridReturnsEmptyArrayWhenNoRows" class="Mithra62\Export\Tests\FieldHandlersTest" classname="Mithra62.Export.Tests.FieldHandlersTest" file="D:\Projects\mithra62\products\ee\ee_export\system\user\addons\export\tests\FieldHandlersTest.php" line="83" assertions="1" time="0.000320"/>
      <testcase name="testGridMapsColumnNamesToValues" class="Mithra62\Export\Tests\FieldHandlersTest" classname="Mithra62.Export.Tests.FieldHandlersTest" file="D:\Projects\mithra62\products\ee\ee_export\system\user\addons\export\tests\FieldHandlersTest.php" line="89" assertions="3" time="0.000427"/>
      <testcase name="testGridResolvesRelationshipColumn" class="Mithra62\Export\Tests\FieldHandlersTest" classname="Mithra62.Export.Tests.FieldHandlersTest" file="D:\Projects\mithra62\products\ee\ee_export\system\user\addons\export\tests\FieldHandlersTest.php" line="105" assertions="1" time="0.000332"/>
      <testcase name="testGridHandlesMultipleRows" class="Mithra62\Export\Tests\FieldHandlersTest" classname="Mithra62.Export.Tests.FieldHandlersTest" file="D:\Projects\mithra62\products\ee\ee_export\system\user\addons\export\tests\FieldHandlersTest.php" line="118" assertions="3" time="0.000357"/>
    </testsuite>
    <testsuite name="Mithra62\Export\Tests\FieldsServiceTest" file="D:\Projects\mithra62\products\ee\ee_export\system\user\addons\export\tests\FieldsServiceTest.php" tests="5" assertions="5" errors="0" warnings="0" failures="0" skipped="0" time="0.003625">
      <testcase name="testGetAllReturnsArray" class="Mithra62\Export\Tests\FieldsServiceTest" classname="Mithra62.Export.Tests.FieldsServiceTest" file="D:\Projects\mithra62\products\ee\ee_export\system\user\addons\export\tests\FieldsServiceTest.php" line="18" assertions="1" time="0.002019"/>
      <testcase name="testGetAllContainsDateKey" class="Mithra62\Export\Tests\FieldsServiceTest" classname="Mithra62.Export.Tests.FieldsServiceTest" file="D:\Projects\mithra62\products\ee\ee_export\system\user\addons\export\tests\FieldsServiceTest.php" line="23" assertions="1" time="0.000413"/>
      <testcase name="testGetFieldReturnsDateHandler" class="Mithra62\Export\Tests\FieldsServiceTest" classname="Mithra62.Export.Tests.FieldsServiceTest" file="D:\Projects\mithra62\products\ee\ee_export\system\user\addons\export\tests\FieldsServiceTest.php" line="28" assertions="1" time="0.000397"/>
      <testcase name="testGetFieldReturnsNullForUnknownType" class="Mithra62\Export\Tests\FieldsServiceTest" classname="Mithra62.Export.Tests.FieldsServiceTest" file="D:\Projects\mithra62\products\ee\ee_export\system\user\addons\export\tests\FieldsServiceTest.php" line="33" assertions="1" time="0.000402"/>
      <testcase name="testGetFieldIsCachedBetweenCalls" class="Mithra62\Export\Tests\FieldsServiceTest" classname="Mithra62.Export.Tests.FieldsServiceTest" file="D:\Projects\mithra62\products\ee\ee_export\system\user\addons\export\tests\FieldsServiceTest.php" line="38" assertions="1" time="0.000393"/>
    </testsuite>
    <testsuite name="Mithra62\Export\Tests\FormatsServiceTest" file="D:\Projects\mithra62\products\ee\ee_export\system\user\addons\export\tests\FormatsServiceTest.php" tests="6" assertions="6" errors="0" warnings="0" failures="0" skipped="0" time="0.006049">
      <testcase name="testThrowsWhenFormatParamMissing" class="Mithra62\Export\Tests\FormatsServiceTest" classname="Mithra62.Export.Tests.FormatsServiceTest" file="D:\Projects\mithra62\products\ee\ee_export\system\user\addons\export\tests\FormatsServiceTest.php" line="25" assertions="1" time="0.001706"/>
      <testcase name="testGetFormatReturnsCsv" class="Mithra62\Export\Tests\FormatsServiceTest" classname="Mithra62.Export.Tests.FormatsServiceTest" file="D:\Projects\mithra62\products\ee\ee_export\system\user\addons\export\tests\FormatsServiceTest.php" line="31" assertions="1" time="0.000446"/>
      <testcase name="testGetFormatReturnsJson" class="Mithra62\Export\Tests\FormatsServiceTest" classname="Mithra62.Export.Tests.FormatsServiceTest" file="D:\Projects\mithra62\products\ee\ee_export\system\user\addons\export\tests\FormatsServiceTest.php" line="36" assertions="1" time="0.001116"/>
      <testcase name="testGetFormatReturnsXlsx" class="Mithra62\Export\Tests\FormatsServiceTest" classname="Mithra62.Export.Tests.FormatsServiceTest" file="D:\Projects\mithra62\products\ee\ee_export\system\user\addons\export\tests\FormatsServiceTest.php" line="41" assertions="1" time="0.000953"/>
      <testcase name="testGetFormatReturnsXml" class="Mithra62\Export\Tests\FormatsServiceTest" classname="Mithra62.Export.Tests.FormatsServiceTest" file="D:\Projects\mithra62\products\ee\ee_export\system\user\addons\export\tests\FormatsServiceTest.php" line="46" assertions="1" time="0.000495"/>
      <testcase name="testThrowsForUnknownFormat" class="Mithra62\Export\Tests\FormatsServiceTest" classname="Mithra62.Export.Tests.FormatsServiceTest" file="D:\Projects\mithra62\products\ee\ee_export\system\user\addons\export\tests\FormatsServiceTest.php" line="51" assertions="1" time="0.001333"/>
    </testsuite>
    <testsuite name="Mithra62\Export\Tests\JsonFormatTest" file="D:\Projects\mithra62\products\ee\ee_export\system\user\addons\export\tests\JsonFormatTest.php" tests="6" assertions="11" errors="0" warnings="0" failures="0" skipped="0" time="0.011385">
      <testcase name="testFinalizeFileReturnsPathEndingInJson" class="Mithra62\Export\Tests\JsonFormatTest" classname="Mithra62.Export.Tests.JsonFormatTest" file="D:\Projects\mithra62\products\ee\ee_export\system\user\addons\export\tests\JsonFormatTest.php" line="26" assertions="1" time="0.001219"/>
      <testcase name="testOutputIsValidJsonArray" class="Mithra62\Export\Tests\JsonFormatTest" classname="Mithra62.Export.Tests.JsonFormatTest" file="D:\Projects\mithra62\products\ee\ee_export\system\user\addons\export\tests\JsonFormatTest.php" line="34" assertions="2" time="0.002092"/>
      <testcase name="testSingleRowWritten" class="Mithra62\Export\Tests\JsonFormatTest" classname="Mithra62.Export.Tests.JsonFormatTest" file="D:\Projects\mithra62\products\ee\ee_export\system\user\addons\export\tests\JsonFormatTest.php" line="45" assertions="2" time="0.001865"/>
      <testcase name="testMultipleChunksAccumulate" class="Mithra62\Export\Tests\JsonFormatTest" classname="Mithra62.Export.Tests.JsonFormatTest" file="D:\Projects\mithra62\products\ee\ee_export\system\user\addons\export\tests\JsonFormatTest.php" line="56" assertions="1" time="0.001816"/>
      <testcase name="testEmptyChunkProducesEmptyArray" class="Mithra62\Export\Tests\JsonFormatTest" classname="Mithra62.Export.Tests.JsonFormatTest" file="D:\Projects\mithra62\products\ee\ee_export\system\user\addons\export\tests\JsonFormatTest.php" line="67" assertions="3" time="0.001880"/>
      <testcase name="testOutputWrappedInJsonArray" class="Mithra62\Export\Tests\JsonFormatTest" classname="Mithra62.Export.Tests.JsonFormatTest" file="D:\Projects\mithra62\products\ee\ee_export\system\user\addons\export\tests\JsonFormatTest.php" line="80" assertions="2" time="0.002514"/>
    </testsuite>
    <testsuite name="Mithra62\Export\Tests\LangTest" file="D:\Projects\mithra62\products\ee\ee_export\system\user\addons\export\tests\LangTest.php" tests="12" assertions="13" errors="0" warnings="0" failures="0" skipped="0" time="0.007419">
      <testcase name="testLangFileExists" class="Mithra62\Export\Tests\LangTest" classname="Mithra62.Export.Tests.LangTest" file="D:\Projects\mithra62\products\ee\ee_export\system\user\addons\export\tests\LangTest.php" line="9" assertions="1" time="0.001074"/>
      <testcase name="testLangFormat" class="Mithra62\Export\Tests\LangTest" classname="Mithra62.Export.Tests.LangTest" file="D:\Projects\mithra62\products\ee\ee_export\system\user\addons\export\tests\LangTest.php" line="14" assertions="2" time="0.000505"/>
      <testcase name="testModuleNameKeyExists" class="Mithra62\Export\Tests\LangTest" classname="Mithra62.Export.Tests.LangTest" file="D:\Projects\mithra62\products\ee\ee_export\system\user\addons\export\tests\LangTest.php" line="25" assertions="1" time="0.000565"/>
      <testcase name="testModuleDescriptionKeyExists" class="Mithra62\Export\Tests\LangTest" classname="Mithra62.Export.Tests.LangTest" file="D:\Projects\mithra62\products\ee\ee_export\system\user\addons\export\tests\LangTest.php" line="33" assertions="1" time="0.000783"/>
      <testcase name="testCpHeadingKeyExists" class="Mithra62\Export\Tests\LangTest" classname="Mithra62.Export.Tests.LangTest" file="D:\Projects\mithra62\products\ee\ee_export\system\user\addons\export\tests\LangTest.php" line="41" assertions="1" time="0.000526"/>
      <testcase name="testSourceEntriesKeyExists" class="Mithra62\Export\Tests\LangTest" classname="Mithra62.Export.Tests.LangTest" file="D:\Projects\mithra62\products\ee\ee_export\system\user\addons\export\tests\LangTest.php" line="49" assertions="1" time="0.000463"/>
      <testcase name="testSourceMembersKeyExists" class="Mithra62\Export\Tests\LangTest" classname="Mithra62.Export.Tests.LangTest" file="D:\Projects\mithra62\products\ee\ee_export\system\user\addons\export\tests\LangTest.php" line="57" assertions="1" time="0.000536"/>
      <testcase name="testSourceSqlKeyExists" class="Mithra62\Export\Tests\LangTest" classname="Mithra62.Export.Tests.LangTest" file="D:\Projects\mithra62\products\ee\ee_export\system\user\addons\export\tests\LangTest.php" line="65" assertions="1" time="0.000583"/>
      <testcase name="testOutputDownloadKeyExists" class="Mithra62\Export\Tests\LangTest" classname="Mithra62.Export.Tests.LangTest" file="D:\Projects\mithra62\products\ee\ee_export\system\user\addons\export\tests\LangTest.php" line="73" assertions="1" time="0.000557"/>
      <testcase name="testOutputLocalKeyExists" class="Mithra62\Export\Tests\LangTest" classname="Mithra62.Export.Tests.LangTest" file="D:\Projects\mithra62\products\ee\ee_export\system\user\addons\export\tests\LangTest.php" line="81" assertions="1" time="0.000502"/>
      <testcase name="testErrHeadingKeyExists" class="Mithra62\Export\Tests\LangTest" classname="Mithra62.Export.Tests.LangTest" file="D:\Projects\mithra62\products\ee\ee_export\system\user\addons\export\tests\LangTest.php" line="89" assertions="1" time="0.000784"/>
      <testcase name="testSettingsKeyExists" class="Mithra62\Export\Tests\LangTest" classname="Mithra62.Export.Tests.LangTest" file="D:\Projects\mithra62\products\ee\ee_export\system\user\addons\export\tests\LangTest.php" line="97" assertions="1" time="0.000540"/>
    </testsuite>
    <testsuite name="Mithra62\Export\Tests\LocalOutputValidationTest" file="D:\Projects\mithra62\products\ee\ee_export\system\user\addons\export\tests\LocalOutputValidationTest.php" tests="6" assertions="6" errors="0" warnings="0" failures="0" skipped="0" time="0.006442">
      <testcase name="testShouldDieIsFalse" class="Mithra62\Export\Tests\LocalOutputValidationTest" classname="Mithra62.Export.Tests.LocalOutputValidationTest" file="D:\Projects\mithra62\products\ee\ee_export\system\user\addons\export\tests\LocalOutputValidationTest.php" line="10" assertions="1" time="0.000341"/>
      <testcase name="testValidationPassesWithValidDirAndFilename" class="Mithra62\Export\Tests\LocalOutputValidationTest" classname="Mithra62.Export.Tests.LocalOutputValidationTest" file="D:\Projects\mithra62\products\ee\ee_export\system\user\addons\export\tests\LocalOutputValidationTest.php" line="15" assertions="1" time="0.001665"/>
      <testcase name="testValidationFailsWhenFilenameMissing" class="Mithra62\Export\Tests\LocalOutputValidationTest" classname="Mithra62.Export.Tests.LocalOutputValidationTest" file="D:\Projects\mithra62\products\ee\ee_export\system\user\addons\export\tests\LocalOutputValidationTest.php" line="22" assertions="1" time="0.000739"/>
      <testcase name="testValidationFailsWhenPathMissing" class="Mithra62\Export\Tests\LocalOutputValidationTest" classname="Mithra62.Export.Tests.LocalOutputValidationTest" file="D:\Projects\mithra62\products\ee\ee_export\system\user\addons\export\tests\LocalOutputValidationTest.php" line="29" assertions="1" time="0.001010"/>
      <testcase name="testValidationFailsForNonExistentDir" class="Mithra62\Export\Tests\LocalOutputValidationTest" classname="Mithra62.Export.Tests.LocalOutputValidationTest" file="D:\Projects\mithra62\products\ee\ee_export\system\user\addons\export\tests\LocalOutputValidationTest.php" line="36" assertions="1" time="0.000694"/>
      <testcase name="testBasenamePreventsDirectoryTraversal" class="Mithra62\Export\Tests\LocalOutputValidationTest" classname="Mithra62.Export.Tests.LocalOutputValidationTest" file="D:\Projects\mithra62\products\ee\ee_export\system\user\addons\export\tests\LocalOutputValidationTest.php" line="43" assertions="1" time="0.001992"/>
    </testsuite>
    <testsuite name="Mithra62\Export\Tests\LoggerServiceTest" file="D:\Projects\mithra62\products\ee\ee_export\system\user\addons\export\tests\LoggerServiceTest.php" tests="11" assertions="13" errors="0" warnings="0" failures="0" skipped="0" time="0.005684">
      <testcase name="testInstantiates" class="Mithra62\Export\Tests\LoggerServiceTest" classname="Mithra62.Export.Tests.LoggerServiceTest" file="D:\Projects\mithra62\products\ee\ee_export\system\user\addons\export\tests\LoggerServiceTest.php" line="17" assertions="1" time="0.001269"/>
      <testcase name="testFormatContainsLevel" class="Mithra62\Export\Tests\LoggerServiceTest" classname="Mithra62.Export.Tests.LoggerServiceTest" file="D:\Projects\mithra62\products\ee\ee_export\system\user\addons\export\tests\LoggerServiceTest.php" line="22" assertions="1" time="0.000445"/>
      <testcase name="testFormatContainsMessage" class="Mithra62\Export\Tests\LoggerServiceTest" classname="Mithra62.Export.Tests.LoggerServiceTest" file="D:\Projects\mithra62\products\ee\ee_export\system\user\addons\export\tests\LoggerServiceTest.php" line="28" assertions="1" time="0.000389"/>
      <testcase name="testFormatIsNonEmptyString" class="Mithra62\Export\Tests\LoggerServiceTest" classname="Mithra62.Export.Tests.LoggerServiceTest" file="D:\Projects\mithra62\products\ee\ee_export\system\user\addons\export\tests\LoggerServiceTest.php" line="34" assertions="2" time="0.000369"/>
      <testcase name="testFormatWithContextIncludesJson" class="Mithra62\Export\Tests\LoggerServiceTest" classname="Mithra62.Export.Tests.LoggerServiceTest" file="D:\Projects\mithra62\products\ee\ee_export\system\user\addons\export\tests\LoggerServiceTest.php" line="41" assertions="2" time="0.000422"/>
      <testcase name="testFormatWithoutContextOmitsJsonBrace" class="Mithra62\Export\Tests\LoggerServiceTest" classname="Mithra62.Export.Tests.LoggerServiceTest" file="D:\Projects\mithra62\products\ee\ee_export\system\user\addons\export\tests\LoggerServiceTest.php" line="48" assertions="1" time="0.000371"/>
      <testcase name="testShouldLogReturnsTrueForError" class="Mithra62\Export\Tests\LoggerServiceTest" classname="Mithra62.Export.Tests.LoggerServiceTest" file="D:\Projects\mithra62\products\ee\ee_export\system\user\addons\export\tests\LoggerServiceTest.php" line="54" assertions="1" time="0.000606"/>
      <testcase name="testShouldLogReturnsTrueForNotice" class="Mithra62\Export\Tests\LoggerServiceTest" classname="Mithra62.Export.Tests.LoggerServiceTest" file="D:\Projects\mithra62\products\ee\ee_export\system\user\addons\export\tests\LoggerServiceTest.php" line="59" assertions="1" time="0.000612"/>
      <testcase name="testShouldLogReturnsTrueForWarning" class="Mithra62\Export\Tests\LoggerServiceTest" classname="Mithra62.Export.Tests.LoggerServiceTest" file="D:\Projects\mithra62\products\ee\ee_export\system\user\addons\export\tests\LoggerServiceTest.php" line="64" assertions="1" time="0.000370"/>
      <testcase name="testShouldLogReturnsFalseForDebug" class="Mithra62\Export\Tests\LoggerServiceTest" classname="Mithra62.Export.Tests.LoggerServiceTest" file="D:\Projects\mithra62\products\ee\ee_export\system\user\addons\export\tests\LoggerServiceTest.php" line="69" assertions="1" time="0.000461"/>
      <testcase name="testShouldLogReturnsFalseForInfo" class="Mithra62\Export\Tests\LoggerServiceTest" classname="Mithra62.Export.Tests.LoggerServiceTest" file="D:\Projects\mithra62\products\ee\ee_export\system\user\addons\export\tests\LoggerServiceTest.php" line="74" assertions="1" time="0.000369"/>
    </testsuite>
    <testsuite name="Mithra62\Export\Tests\McpTest" file="D:\Projects\mithra62\products\ee\ee_export\system\user\addons\export\tests\McpTest.php" tests="3" assertions="3" errors="0" warnings="0" failures="0" skipped="0" time="0.002222">
      <testcase name="testMcpFileExists" class="Mithra62\Export\Tests\McpTest" classname="Mithra62.Export.Tests.McpTest" file="D:\Projects\mithra62\products\ee\ee_export\system\user\addons\export\tests\McpTest.php" line="10" assertions="1" time="0.000424"/>
      <testcase name="testMcpObjectExists" class="Mithra62\Export\Tests\McpTest" classname="Mithra62.Export.Tests.McpTest" file="D:\Projects\mithra62\products\ee\ee_export\system\user\addons\export\tests\McpTest.php" line="15" assertions="1" time="0.001485"/>
      <testcase name="testMcpIsMcpInstance" class="Mithra62\Export\Tests\McpTest" classname="Mithra62.Export.Tests.McpTest" file="D:\Projects\mithra62\products\ee\ee_export\system\user\addons\export\tests\McpTest.php" line="21" assertions="1" time="0.000313"/>
    </testsuite>
    <testsuite name="Mithra62\Export\Tests\ModTest" file="D:\Projects\mithra62\products\ee\ee_export\system\user\addons\export\tests\ModTest.php" tests="3" assertions="3" errors="0" warnings="0" failures="0" skipped="0" time="0.001745">
      <testcase name="testModFileExists" class="Mithra62\Export\Tests\ModTest" classname="Mithra62.Export.Tests.ModTest" file="D:\Projects\mithra62\products\ee\ee_export\system\user\addons\export\tests\ModTest.php" line="10" assertions="1" time="0.000416"/>
      <testcase name="testModuleObjectExists" class="Mithra62\Export\Tests\ModTest" classname="Mithra62.Export.Tests.ModTest" file="D:\Projects\mithra62\products\ee\ee_export\system\user\addons\export\tests\ModTest.php" line="15" assertions="1" time="0.001020"/>
      <testcase name="testModuleIsModuleInstance" class="Mithra62\Export\Tests\ModTest" classname="Mithra62.Export.Tests.ModTest" file="D:\Projects\mithra62\products\ee\ee_export\system\user\addons\export\tests\ModTest.php" line="21" assertions="1" time="0.000309"/>
    </testsuite>
    <testsuite name="Mithra62\Export\Tests\ModifiersServiceTest" file="D:\Projects\mithra62\products\ee\ee_export\system\user\addons\export\tests\ModifiersServiceTest.php" tests="7" assertions="8" errors="0" warnings="0" failures="0" skipped="0" time="0.006054">
      <testcase name="testReturnsRowsUnchangedWhenNoModifyParams" class="Mithra62\Export\Tests\ModifiersServiceTest" classname="Mithra62.Export.Tests.ModifiersServiceTest" file="D:\Projects\mithra62\products\ee\ee_export\system\user\addons\export\tests\ModifiersServiceTest.php" line="21" assertions="1" time="0.000361"/>
      <testcase name="testAppliesUcFirst" class="Mithra62\Export\Tests\ModifiersServiceTest" classname="Mithra62.Export.Tests.ModifiersServiceTest" file="D:\Projects\mithra62\products\ee\ee_export\system\user\addons\export\tests\ModifiersServiceTest.php" line="27" assertions="1" time="0.002366"/>
      <testcase name="testAppliesUcWords" class="Mithra62\Export\Tests\ModifiersServiceTest" classname="Mithra62.Export.Tests.ModifiersServiceTest" file="D:\Projects\mithra62\products\ee\ee_export\system\user\addons\export\tests\ModifiersServiceTest.php" line="34" assertions="1" time="0.001044"/>
      <testcase name="testAppliesReplaceWith" class="Mithra62\Export\Tests\ModifiersServiceTest" classname="Mithra62.Export.Tests.ModifiersServiceTest" file="D:\Projects\mithra62\products\ee\ee_export\system\user\addons\export\tests\ModifiersServiceTest.php" line="41" assertions="1" time="0.000965"/>
      <testcase name="testChainsMultipleModifiers" class="Mithra62\Export\Tests\ModifiersServiceTest" classname="Mithra62.Export.Tests.ModifiersServiceTest" file="D:\Projects\mithra62\products\ee\ee_export\system\user\addons\export\tests\ModifiersServiceTest.php" line="48" assertions="1" time="0.000438"/>
      <testcase name="testSkipsFieldNotPresentInRow" class="Mithra62\Export\Tests\ModifiersServiceTest" classname="Mithra62.Export.Tests.ModifiersServiceTest" file="D:\Projects\mithra62\products\ee\ee_export\system\user\addons\export\tests\ModifiersServiceTest.php" line="55" assertions="1" time="0.000426"/>
      <testcase name="testAppliesModifierToAllRows" class="Mithra62\Export\Tests\ModifiersServiceTest" classname="Mithra62.Export.Tests.ModifiersServiceTest" file="D:\Projects\mithra62\products\ee\ee_export\system\user\addons\export\tests\ModifiersServiceTest.php" line="63" assertions="2" time="0.000453"/>
    </testsuite>
    <testsuite name="Mithra62\Export\Tests\ModifiersTest" file="D:\Projects\mithra62\products\ee\ee_export\system\user\addons\export\tests\ModifiersTest.php" tests="15" assertions="17" errors="0" warnings="0" failures="0" skipped="0" time="0.006956">
      <testcase name="testUcFirstLowercaseString" class="Mithra62\Export\Tests\ModifiersTest" classname="Mithra62.Export.Tests.ModifiersTest" file="D:\Projects\mithra62\products\ee\ee_export\system\user\addons\export\tests\ModifiersTest.php" line="15" assertions="1" time="0.000324"/>
      <testcase name="testUcFirstEmptyString" class="Mithra62\Export\Tests\ModifiersTest" classname="Mithra62.Export.Tests.ModifiersTest" file="D:\Projects\mithra62\products\ee\ee_export\system\user\addons\export\tests\ModifiersTest.php" line="20" assertions="1" time="0.000335"/>
      <testcase name="testUcFirstAlreadyCapitalized" class="Mithra62\Export\Tests\ModifiersTest" classname="Mithra62.Export.Tests.ModifiersTest" file="D:\Projects\mithra62\products\ee\ee_export\system\user\addons\export\tests\ModifiersTest.php" line="25" assertions="1" time="0.000309"/>
      <testcase name="testUcFirstSingleWord" class="Mithra62\Export\Tests\ModifiersTest" classname="Mithra62.Export.Tests.ModifiersTest" file="D:\Projects\mithra62\products\ee\ee_export\system\user\addons\export\tests\ModifiersTest.php" line="30" assertions="1" time="0.000387"/>
      <testcase name="testUcWordsLowercaseString" class="Mithra62\Export\Tests\ModifiersTest" classname="Mithra62.Export.Tests.ModifiersTest" file="D:\Projects\mithra62\products\ee\ee_export\system\user\addons\export\tests\ModifiersTest.php" line="37" assertions="1" time="0.000339"/>
      <testcase name="testUcWordsEmptyString" class="Mithra62\Export\Tests\ModifiersTest" classname="Mithra62.Export.Tests.ModifiersTest" file="D:\Projects\mithra62\products\ee\ee_export\system\user\addons\export\tests\ModifiersTest.php" line="42" assertions="1" time="0.000325"/>
      <testcase name="testUcWordsMultipleWords" class="Mithra62\Export\Tests\ModifiersTest" classname="Mithra62.Export.Tests.ModifiersTest" file="D:\Projects\mithra62\products\ee\ee_export\system\user\addons\export\tests\ModifiersTest.php" line="47" assertions="1" time="0.000334"/>
      <testcase name="testReplaceWithDefaultReturnsNa" class="Mithra62\Export\Tests\ModifiersTest" classname="Mithra62.Export.Tests.ModifiersTest" file="D:\Projects\mithra62\products\ee\ee_export\system\user\addons\export\tests\ModifiersTest.php" line="54" assertions="1" time="0.000416"/>
      <testcase name="testReplaceWithDefaultOnEmptyString" class="Mithra62\Export\Tests\ModifiersTest" classname="Mithra62.Export.Tests.ModifiersTest" file="D:\Projects\mithra62\products\ee\ee_export\system\user\addons\export\tests\ModifiersTest.php" line="59" assertions="1" time="0.000570"/>
      <testcase name="testReplaceWithDefaultOnNull" class="Mithra62\Export\Tests\ModifiersTest" classname="Mithra62.Export.Tests.ModifiersTest" file="D:\Projects\mithra62\products\ee\ee_export\system\user\addons\export\tests\ModifiersTest.php" line="64" assertions="1" time="0.000412"/>
      <testcase name="testReplaceWithCustomParam" class="Mithra62\Export\Tests\ModifiersTest" classname="Mithra62.Export.Tests.ModifiersTest" file="D:\Projects\mithra62\products\ee\ee_export\system\user\addons\export\tests\ModifiersTest.php" line="69" assertions="1" time="0.000380"/>
      <testcase name="testReplaceWithCustomParamIgnoresInput" class="Mithra62\Export\Tests\ModifiersTest" classname="Mithra62.Export.Tests.ModifiersTest" file="D:\Projects\mithra62\products\ee\ee_export\system\user\addons\export\tests\ModifiersTest.php" line="76" assertions="2" time="0.000356"/>
      <testcase name="testEeDateReturnsValueUnchangedWhenNoFormat" class="Mithra62\Export\Tests\ModifiersTest" classname="Mithra62.Export.Tests.ModifiersTest" file="D:\Projects\mithra62\products\ee\ee_export\system\user\addons\export\tests\ModifiersTest.php" line="86" assertions="1" time="0.000948"/>
      <testcase name="testEeDateReturnsValueUnchangedWhenValueIsZero" class="Mithra62\Export\Tests\ModifiersTest" classname="Mithra62.Export.Tests.ModifiersTest" file="D:\Projects\mithra62\products\ee\ee_export\system\user\addons\export\tests\ModifiersTest.php" line="93" assertions="1" time="0.000411"/>
      <testcase name="testEeDateFormatsTimestamp" class="Mithra62\Export\Tests\ModifiersTest" classname="Mithra62.Export.Tests.ModifiersTest" file="D:\Projects\mithra62\products\ee\ee_export\system\user\addons\export\tests\ModifiersTest.php" line="100" assertions="2" time="0.001109"/>
    </testsuite>
    <testsuite name="Mithra62\Export\Tests\OutputServiceTest" file="D:\Projects\mithra62\products\ee\ee_export\system\user\addons\export\tests\OutputServiceTest.php" tests="4" assertions="4" errors="0" warnings="0" failures="0" skipped="0" time="0.005093">
      <testcase name="testThrowsWhenOutputParamMissing" class="Mithra62\Export\Tests\OutputServiceTest" classname="Mithra62.Export.Tests.OutputServiceTest" file="D:\Projects\mithra62\products\ee\ee_export\system\user\addons\export\tests\OutputServiceTest.php" line="23" assertions="1" time="0.002688"/>
      <testcase name="testGetDestinationReturnsDownload" class="Mithra62\Export\Tests\OutputServiceTest" classname="Mithra62.Export.Tests.OutputServiceTest" file="D:\Projects\mithra62\products\ee\ee_export\system\user\addons\export\tests\OutputServiceTest.php" line="29" assertions="1" time="0.000913"/>
      <testcase name="testGetDestinationReturnsLocal" class="Mithra62\Export\Tests\OutputServiceTest" classname="Mithra62.Export.Tests.OutputServiceTest" file="D:\Projects\mithra62\products\ee\ee_export\system\user\addons\export\tests\OutputServiceTest.php" line="35" assertions="1" time="0.000430"/>
      <testcase name="testThrowsForUnknownOutput" class="Mithra62\Export\Tests\OutputServiceTest" classname="Mithra62.Export.Tests.OutputServiceTest" file="D:\Projects\mithra62\products\ee\ee_export\system\user\addons\export\tests\OutputServiceTest.php" line="45" assertions="1" time="0.001062"/>
    </testsuite>
    <testsuite name="Mithra62\Export\Tests\ParamsServiceTest" file="D:\Projects\mithra62\products\ee\ee_export\system\user\addons\export\tests\ParamsServiceTest.php" tests="13" assertions="17" errors="0" warnings="0" failures="0" skipped="0" time="0.004747">
      <testcase name="testInstantiates" class="Mithra62\Export\Tests\ParamsServiceTest" classname="Mithra62.Export.Tests.ParamsServiceTest" file="D:\Projects\mithra62\products\ee\ee_export\system\user\addons\export\tests\ParamsServiceTest.php" line="17" assertions="1" time="0.000326"/>
      <testcase name="testGetReturnsNullDefaultWhenKeyMissing" class="Mithra62\Export\Tests\ParamsServiceTest" classname="Mithra62.Export.Tests.ParamsServiceTest" file="D:\Projects\mithra62\products\ee\ee_export\system\user\addons\export\tests\ParamsServiceTest.php" line="22" assertions="1" time="0.000318"/>
      <testcase name="testGetReturnsProvidedDefaultWhenKeyMissing" class="Mithra62\Export\Tests\ParamsServiceTest" classname="Mithra62.Export.Tests.ParamsServiceTest" file="D:\Projects\mithra62\products\ee\ee_export\system\user\addons\export\tests\ParamsServiceTest.php" line="27" assertions="1" time="0.000305"/>
      <testcase name="testSetAndGet" class="Mithra62\Export\Tests\ParamsServiceTest" classname="Mithra62.Export.Tests.ParamsServiceTest" file="D:\Projects\mithra62\products\ee\ee_export\system\user\addons\export\tests\ParamsServiceTest.php" line="32" assertions="1" time="0.000422"/>
      <testcase name="testSetReturnsFluent" class="Mithra62\Export\Tests\ParamsServiceTest" classname="Mithra62.Export.Tests.ParamsServiceTest" file="D:\Projects\mithra62\products\ee\ee_export\system\user\addons\export\tests\ParamsServiceTest.php" line="38" assertions="1" time="0.000316"/>
      <testcase name="testSetParams" class="Mithra62\Export\Tests\ParamsServiceTest" classname="Mithra62.Export.Tests.ParamsServiceTest" file="D:\Projects\mithra62\products\ee\ee_export\system\user\addons\export\tests\ParamsServiceTest.php" line="43" assertions="1" time="0.000313"/>
      <testcase name="testSetParamsReturnsFluent" class="Mithra62\Export\Tests\ParamsServiceTest" classname="Mithra62.Export.Tests.ParamsServiceTest" file="D:\Projects\mithra62\products\ee\ee_export\system\user\addons\export\tests\ParamsServiceTest.php" line="49" assertions="1" time="0.000391"/>
      <testcase name="testGetAllParams" class="Mithra62\Export\Tests\ParamsServiceTest" classname="Mithra62.Export.Tests.ParamsServiceTest" file="D:\Projects\mithra62\products\ee\ee_export\system\user\addons\export\tests\ParamsServiceTest.php" line="54" assertions="1" time="0.000325"/>
      <testcase name="testGetDomainParamsStripsPrefix" class="Mithra62\Export\Tests\ParamsServiceTest" classname="Mithra62.Export.Tests.ParamsServiceTest" file="D:\Projects\mithra62\products\ee\ee_export\system\user\addons\export\tests\ParamsServiceTest.php" line="60" assertions="3" time="0.000416"/>
      <testcase name="testGetDomainParamsExcludesNonPrefixedWhenFalse" class="Mithra62\Export\Tests\ParamsServiceTest" classname="Mithra62.Export.Tests.ParamsServiceTest" file="D:\Projects\mithra62\products\ee\ee_export\system\user\addons\export\tests\ParamsServiceTest.php" line="69" assertions="1" time="0.000391"/>
      <testcase name="testGetDomainParamsIncludesAllWhenTrue" class="Mithra62\Export\Tests\ParamsServiceTest" classname="Mithra62.Export.Tests.ParamsServiceTest" file="D:\Projects\mithra62\products\ee\ee_export\system\user\addons\export\tests\ParamsServiceTest.php" line="76" assertions="2" time="0.000433"/>
      <testcase name="testGetDomainParamsReturnsEmptyWhenNoPrefixedKeys" class="Mithra62\Export\Tests\ParamsServiceTest" classname="Mithra62.Export.Tests.ParamsServiceTest" file="D:\Projects\mithra62\products\ee\ee_export\system\user\addons\export\tests\ParamsServiceTest.php" line="84" assertions="1" time="0.000440"/>
      <testcase name="testSetParamsReplacesExistingParams" class="Mithra62\Export\Tests\ParamsServiceTest" classname="Mithra62.Export.Tests.ParamsServiceTest" file="D:\Projects\mithra62\products\ee\ee_export\system\user\addons\export\tests\ParamsServiceTest.php" line="91" assertions="2" time="0.000353"/>
    </testsuite>
    <testsuite name="Mithra62\Export\Tests\ProviderMapTest" file="D:\Projects\mithra62\products\ee\ee_export\system\user\addons\export\tests\ProviderMapTest.php" tests="11" assertions="22" errors="0" warnings="0" failures="0" skipped="0" time="0.004003">
      <testcase name="testSourcesMapContainsEntries" class="Mithra62\Export\Tests\ProviderMapTest" classname="Mithra62.Export.Tests.ProviderMapTest" file="D:\Projects\mithra62\products\ee\ee_export\system\user\addons\export\tests\ProviderMapTest.php" line="28" assertions="2" time="0.000426"/>
      <testcase name="testSourcesMapContainsMembers" class="Mithra62\Export\Tests\ProviderMapTest" classname="Mithra62.Export.Tests.ProviderMapTest" file="D:\Projects\mithra62\products\ee\ee_export\system\user\addons\export\tests\ProviderMapTest.php" line="35" assertions="2" time="0.000331"/>
      <testcase name="testSourcesMapContainsSql" class="Mithra62\Export\Tests\ProviderMapTest" classname="Mithra62.Export.Tests.ProviderMapTest" file="D:\Projects\mithra62\products\ee\ee_export\system\user\addons\export\tests\ProviderMapTest.php" line="42" assertions="2" time="0.000326"/>
      <testcase name="testFormatsMapContainsCsv" class="Mithra62\Export\Tests\ProviderMapTest" classname="Mithra62.Export.Tests.ProviderMapTest" file="D:\Projects\mithra62\products\ee\ee_export\system\user\addons\export\tests\ProviderMapTest.php" line="49" assertions="2" time="0.000325"/>
      <testcase name="testFormatsMapContainsJson" class="Mithra62\Export\Tests\ProviderMapTest" classname="Mithra62.Export.Tests.ProviderMapTest" file="D:\Projects\mithra62\products\ee\ee_export\system\user\addons\export\tests\ProviderMapTest.php" line="56" assertions="2" time="0.000331"/>
      <testcase name="testFormatsMapContainsXlsx" class="Mithra62\Export\Tests\ProviderMapTest" classname="Mithra62.Export.Tests.ProviderMapTest" file="D:\Projects\mithra62\products\ee\ee_export\system\user\addons\export\tests\ProviderMapTest.php" line="63" assertions="2" time="0.000323"/>
      <testcase name="testFormatsMapContainsXml" class="Mithra62\Export\Tests\ProviderMapTest" classname="Mithra62.Export.Tests.ProviderMapTest" file="D:\Projects\mithra62\products\ee\ee_export\system\user\addons\export\tests\ProviderMapTest.php" line="70" assertions="2" time="0.000323"/>
      <testcase name="testOutputsMapContainsDownload" class="Mithra62\Export\Tests\ProviderMapTest" classname="Mithra62.Export.Tests.ProviderMapTest" file="D:\Projects\mithra62\products\ee\ee_export\system\user\addons\export\tests\ProviderMapTest.php" line="77" assertions="2" time="0.000419"/>
      <testcase name="testOutputsMapContainsLocal" class="Mithra62\Export\Tests\ProviderMapTest" classname="Mithra62.Export.Tests.ProviderMapTest" file="D:\Projects\mithra62\products\ee\ee_export\system\user\addons\export\tests\ProviderMapTest.php" line="84" assertions="2" time="0.000327"/>
      <testcase name="testModifiersMapContainsUcFirst" class="Mithra62\Export\Tests\ProviderMapTest" classname="Mithra62.Export.Tests.ProviderMapTest" file="D:\Projects\mithra62\products\ee\ee_export\system\user\addons\export\tests\ProviderMapTest.php" line="91" assertions="2" time="0.000335"/>
      <testcase name="testFieldsMapContainsDate" class="Mithra62\Export\Tests\ProviderMapTest" classname="Mithra62.Export.Tests.ProviderMapTest" file="D:\Projects\mithra62\products\ee\ee_export\system\user\addons\export\tests\ProviderMapTest.php" line="98" assertions="2" time="0.000537"/>
    </testsuite>
    <testsuite name="Mithra62\Export\Tests\SearchFilterTraitTest" file="D:\Projects\mithra62\products\ee\ee_export\system\user\addons\export\tests\SearchFilterTraitTest.php" tests="6" assertions="10" errors="0" warnings="0" failures="0" skipped="0" time="0.008783">
      <testcase name="testGetChannelTitlesColumnsReturnsRealColumns" class="Mithra62\Export\Tests\SearchFilterTraitTest" classname="Mithra62.Export.Tests.SearchFilterTraitTest" file="D:\Projects\mithra62\products\ee\ee_export\system\user\addons\export\tests\SearchFilterTraitTest.php" line="42" assertions="2" time="0.004258"/>
      <testcase name="testApplySearchFiltersMatchesCoreColumn" class="Mithra62\Export\Tests\SearchFilterTraitTest" classname="Mithra62.Export.Tests.SearchFilterTraitTest" file="D:\Projects\mithra62\products\ee\ee_export\system\user\addons\export\tests\SearchFilterTraitTest.php" line="49" assertions="2" time="0.001383"/>
      <testcase name="testApplySearchFiltersSkipsEmptyValues" class="Mithra62\Export\Tests\SearchFilterTraitTest" classname="Mithra62.Export.Tests.SearchFilterTraitTest" file="D:\Projects\mithra62\products\ee\ee_export\system\user\addons\export\tests\SearchFilterTraitTest.php" line="59" assertions="1" time="0.000682"/>
      <testcase name="testApplySearchFiltersIgnoresUnknownFieldName" class="Mithra62\Export\Tests\SearchFilterTraitTest" classname="Mithra62.Export.Tests.SearchFilterTraitTest" file="D:\Projects\mithra62\products\ee\ee_export\system\user\addons\export\tests\SearchFilterTraitTest.php" line="68" assertions="1" time="0.000670"/>
      <testcase name="testApplySearchFiltersMatchesCustomFieldAndJoinsChannelData" class="Mithra62\Export\Tests\SearchFilterTraitTest" classname="Mithra62.Export.Tests.SearchFilterTraitTest" file="D:\Projects\mithra62\products\ee\ee_export\system\user\addons\export\tests\SearchFilterTraitTest.php" line="77" assertions="3" time="0.000937"/>
      <testcase name="testApplySearchFiltersCombinesMultipleFiltersWithAnd" class="Mithra62\Export\Tests\SearchFilterTraitTest" classname="Mithra62.Export.Tests.SearchFilterTraitTest" file="D:\Projects\mithra62\products\ee\ee_export\system\user\addons\export\tests\SearchFilterTraitTest.php" line="89" assertions="1" time="0.000854"/>
    </testsuite>
    <testsuite name="Mithra62\Export\Tests\ServiceResolutionTest" file="D:\Projects\mithra62\products\ee\ee_export\system\user\addons\export\tests\ServiceResolutionTest.php" tests="14" assertions="14" errors="0" warnings="0" failures="0" skipped="0" time="0.010345">
      <testcase name="testParamsServiceResolves" class="Mithra62\Export\Tests\ServiceResolutionTest" classname="Mithra62.Export.Tests.ServiceResolutionTest" file="D:\Projects\mithra62\products\ee\ee_export\system\user\addons\export\tests\ServiceResolutionTest.php" line="23" assertions="1" time="0.000430"/>
      <testcase name="testSourcesServiceResolves" class="Mithra62\Export\Tests\ServiceResolutionTest" classname="Mithra62.Export.Tests.ServiceResolutionTest" file="D:\Projects\mithra62\products\ee\ee_export\system\user\addons\export\tests\ServiceResolutionTest.php" line="28" assertions="1" time="0.001016"/>
      <testcase name="testFormatsServiceResolves" class="Mithra62\Export\Tests\ServiceResolutionTest" classname="Mithra62.Export.Tests.ServiceResolutionTest" file="D:\Projects\mithra62\products\ee\ee_export\system\user\addons\export\tests\ServiceResolutionTest.php" line="33" assertions="1" time="0.000449"/>
      <testcase name="testOutputServiceResolves" class="Mithra62\Export\Tests\ServiceResolutionTest" classname="Mithra62.Export.Tests.ServiceResolutionTest" file="D:\Projects\mithra62\products\ee\ee_export\system\user\addons\export\tests\ServiceResolutionTest.php" line="38" assertions="1" time="0.000404"/>
      <testcase name="testModifiersServiceResolves" class="Mithra62\Export\Tests\ServiceResolutionTest" classname="Mithra62.Export.Tests.ServiceResolutionTest" file="D:\Projects\mithra62\products\ee\ee_export\system\user\addons\export\tests\ServiceResolutionTest.php" line="43" assertions="1" time="0.000396"/>
      <testcase name="testXmlServiceResolves" class="Mithra62\Export\Tests\ServiceResolutionTest" classname="Mithra62.Export.Tests.ServiceResolutionTest" file="D:\Projects\mithra62\products\ee\ee_export\system\user\addons\export\tests\ServiceResolutionTest.php" line="48" assertions="1" time="0.001273"/>
      <testcase name="testExcelServiceResolves" class="Mithra62\Export\Tests\ServiceResolutionTest" classname="Mithra62.Export.Tests.ServiceResolutionTest" file="D:\Projects\mithra62\products\ee\ee_export\system\user\addons\export\tests\ServiceResolutionTest.php" line="53" assertions="1" time="0.001022"/>
      <testcase name="testLoggerServiceResolves" class="Mithra62\Export\Tests\ServiceResolutionTest" classname="Mithra62.Export.Tests.ServiceResolutionTest" file="D:\Projects\mithra62\products\ee\ee_export\system\user\addons\export\tests\ServiceResolutionTest.php" line="58" assertions="1" time="0.000383"/>
      <testcase name="testExportServiceResolves" class="Mithra62\Export\Tests\ServiceResolutionTest" classname="Mithra62.Export.Tests.ServiceResolutionTest" file="D:\Projects\mithra62\products\ee\ee_export\system\user\addons\export\tests\ServiceResolutionTest.php" line="63" assertions="1" time="0.000688"/>
      <testcase name="testActionsServiceResolves" class="Mithra62\Export\Tests\ServiceResolutionTest" classname="Mithra62.Export.Tests.ServiceResolutionTest" file="D:\Projects\mithra62\products\ee\ee_export\system\user\addons\export\tests\ServiceResolutionTest.php" line="68" assertions="1" time="0.000959"/>
      <testcase name="testEntryServiceResolves" class="Mithra62\Export\Tests\ServiceResolutionTest" classname="Mithra62.Export.Tests.ServiceResolutionTest" file="D:\Projects\mithra62\products\ee\ee_export\system\user\addons\export\tests\ServiceResolutionTest.php" line="73" assertions="1" time="0.000383"/>
      <testcase name="testFieldsServiceResolves" class="Mithra62\Export\Tests\ServiceResolutionTest" classname="Mithra62.Export.Tests.ServiceResolutionTest" file="D:\Projects\mithra62\products\ee\ee_export\system\user\addons\export\tests\ServiceResolutionTest.php" line="78" assertions="1" time="0.000442"/>
      <testcase name="testMemberServiceResolves" class="Mithra62\Export\Tests\ServiceResolutionTest" classname="Mithra62.Export.Tests.ServiceResolutionTest" file="D:\Projects\mithra62\products\ee\ee_export\system\user\addons\export\tests\ServiceResolutionTest.php" line="83" assertions="1" time="0.001072"/>
      <testcase name="testCpServiceResolves" class="Mithra62\Export\Tests\ServiceResolutionTest" classname="Mithra62.Export.Tests.ServiceResolutionTest" file="D:\Projects\mithra62\products\ee\ee_export\system\user\addons\export\tests\ServiceResolutionTest.php" line="88" assertions="1" time="0.001430"/>
    </testsuite>
    <testsuite name="Mithra62\Export\Tests\SourcesServiceTest" file="D:\Projects\mithra62\products\ee\ee_export\system\user\addons\export\tests\SourcesServiceTest.php" tests="6" assertions="6" errors="0" warnings="0" failures="0" skipped="0" time="0.005476">
      <testcase name="testThrowsWhenSourceParamMissing" class="Mithra62\Export\Tests\SourcesServiceTest" classname="Mithra62.Export.Tests.SourcesServiceTest" file="D:\Projects\mithra62\products\ee\ee_export\system\user\addons\export\tests\SourcesServiceTest.php" line="24" assertions="1" time="0.000919"/>
      <testcase name="testGetSourceReturnsSqlSource" class="Mithra62\Export\Tests\SourcesServiceTest" classname="Mithra62.Export.Tests.SourcesServiceTest" file="D:\Projects\mithra62\products\ee\ee_export\system\user\addons\export\tests\SourcesServiceTest.php" line="30" assertions="1" time="0.000393"/>
      <testcase name="testGetSourceReturnsEntriesSource" class="Mithra62\Export\Tests\SourcesServiceTest" classname="Mithra62.Export.Tests.SourcesServiceTest" file="D:\Projects\mithra62\products\ee\ee_export\system\user\addons\export\tests\SourcesServiceTest.php" line="36" assertions="1" time="0.001437"/>
      <testcase name="testGetSourceReturnsMembersSource" class="Mithra62\Export\Tests\SourcesServiceTest" classname="Mithra62.Export.Tests.SourcesServiceTest" file="D:\Projects\mithra62\products\ee\ee_export\system\user\addons\export\tests\SourcesServiceTest.php" line="42" assertions="1" time="0.001384"/>
      <testcase name="testThrowsForUnknownSource" class="Mithra62\Export\Tests\SourcesServiceTest" classname="Mithra62.Export.Tests.SourcesServiceTest" file="D:\Projects\mithra62\products\ee\ee_export\system\user\addons\export\tests\SourcesServiceTest.php" line="48" assertions="1" time="0.000810"/>
      <testcase name="testGetSourceSetsOptionsOnReturnedObject" class="Mithra62\Export\Tests\SourcesServiceTest" classname="Mithra62.Export.Tests.SourcesServiceTest" file="D:\Projects\mithra62\products\ee\ee_export\system\user\addons\export\tests\SourcesServiceTest.php" line="54" assertions="1" time="0.000534"/>
    </testsuite>
    <testsuite name="Mithra62\Export\Tests\SqlSourceValidationTest" file="D:\Projects\mithra62\products\ee\ee_export\system\user\addons\export\tests\SqlSourceValidationTest.php" tests="12" assertions="12" errors="0" warnings="0" failures="0" skipped="0" time="0.008148">
      <testcase name="testValidSelectPasses" class="Mithra62\Export\Tests\SqlSourceValidationTest" classname="Mithra62.Export.Tests.SqlSourceValidationTest" file="D:\Projects\mithra62\products\ee\ee_export\system\user\addons\export\tests\SqlSourceValidationTest.php" line="17" assertions="1" time="0.000685"/>
      <testcase name="testValidSelectWithColumnAlias" class="Mithra62\Export\Tests\SqlSourceValidationTest" classname="Mithra62.Export.Tests.SqlSourceValidationTest" file="D:\Projects\mithra62\products\ee\ee_export\system\user\addons\export\tests\SqlSourceValidationTest.php" line="22" assertions="1" time="0.000664"/>
      <testcase name="testUpdateKeywordFails" class="Mithra62\Export\Tests\SqlSourceValidationTest" classname="Mithra62.Export.Tests.SqlSourceValidationTest" file="D:\Projects\mithra62\products\ee\ee_export\system\user\addons\export\tests\SqlSourceValidationTest.php" line="27" assertions="1" time="0.000615"/>
      <testcase name="testInsertKeywordFails" class="Mithra62\Export\Tests\SqlSourceValidationTest" classname="Mithra62.Export.Tests.SqlSourceValidationTest" file="D:\Projects\mithra62\products\ee\ee_export\system\user\addons\export\tests\SqlSourceValidationTest.php" line="32" assertions="1" time="0.000580"/>
      <testcase name="testDeleteKeywordFails" class="Mithra62\Export\Tests\SqlSourceValidationTest" classname="Mithra62.Export.Tests.SqlSourceValidationTest" file="D:\Projects\mithra62\products\ee\ee_export\system\user\addons\export\tests\SqlSourceValidationTest.php" line="37" assertions="1" time="0.000681"/>
      <testcase name="testDropKeywordFails" class="Mithra62\Export\Tests\SqlSourceValidationTest" classname="Mithra62.Export.Tests.SqlSourceValidationTest" file="D:\Projects\mithra62\products\ee\ee_export\system\user\addons\export\tests\SqlSourceValidationTest.php" line="42" assertions="1" time="0.000609"/>
      <testcase name="testTruncateKeywordFails" class="Mithra62\Export\Tests\SqlSourceValidationTest" classname="Mithra62.Export.Tests.SqlSourceValidationTest" file="D:\Projects\mithra62\products\ee\ee_export\system\user\addons\export\tests\SqlSourceValidationTest.php" line="47" assertions="1" time="0.000598"/>
      <testcase name="testSemicolonFails" class="Mithra62\Export\Tests\SqlSourceValidationTest" classname="Mithra62.Export.Tests.SqlSourceValidationTest" file="D:\Projects\mithra62\products\ee\ee_export\system\user\addons\export\tests\SqlSourceValidationTest.php" line="52" assertions="1" time="0.000582"/>
      <testcase name="testLineCommentStrippedBeforeAnalysis" class="Mithra62\Export\Tests\SqlSourceValidationTest" classname="Mithra62.Export.Tests.SqlSourceValidationTest" file="D:\Projects\mithra62\products\ee\ee_export\system\user\addons\export\tests\SqlSourceValidationTest.php" line="57" assertions="1" time="0.000911"/>
      <testcase name="testBlockCommentStrippedBeforeAnalysis" class="Mithra62\Export\Tests\SqlSourceValidationTest" classname="Mithra62.Export.Tests.SqlSourceValidationTest" file="D:\Projects\mithra62\products\ee\ee_export\system\user\addons\export\tests\SqlSourceValidationTest.php" line="62" assertions="1" time="0.000652"/>
      <testcase name="testMissingQueryFailsRequired" class="Mithra62\Export\Tests\SqlSourceValidationTest" classname="Mithra62.Export.Tests.SqlSourceValidationTest" file="D:\Projects\mithra62\products\ee\ee_export\system\user\addons\export\tests\SqlSourceValidationTest.php" line="67" assertions="1" time="0.000624"/>
      <testcase name="testNotASelectFails" class="Mithra62\Export\Tests\SqlSourceValidationTest" classname="Mithra62.Export.Tests.SqlSourceValidationTest" file="D:\Projects\mithra62\products\ee\ee_export\system\user\addons\export\tests\SqlSourceValidationTest.php" line="74" assertions="1" time="0.000948"/>
    </testsuite>
    <testsuite name="Mithra62\Export\Tests\UpdTest" file="D:\Projects\mithra62\products\ee\ee_export\system\user\addons\export\tests\UpdTest.php" tests="10" assertions="10" errors="0" warnings="0" failures="0" skipped="0" time="0.005184">
      <testcase name="testUpdFileExists" class="Mithra62\Export\Tests\UpdTest" classname="Mithra62.Export.Tests.UpdTest" file="D:\Projects\mithra62\products\ee\ee_export\system\user\addons\export\tests\UpdTest.php" line="10" assertions="1" time="0.000399"/>
      <testcase name="testUpdObjectExists" class="Mithra62\Export\Tests\UpdTest" classname="Mithra62.Export.Tests.UpdTest" file="D:\Projects\mithra62\products\ee\ee_export\system\user\addons\export\tests\UpdTest.php" line="15" assertions="1" time="0.001055"/>
      <testcase name="testHasCpBackendPropertyExists" class="Mithra62\Export\Tests\UpdTest" classname="Mithra62.Export.Tests.UpdTest" file="D:\Projects\mithra62\products\ee\ee_export\system\user\addons\export\tests\UpdTest.php" line="21" assertions="1" time="0.001206"/>
      <testcase name="testCpBackendPropertyValue" class="Mithra62\Export\Tests\UpdTest" classname="Mithra62.Export.Tests.UpdTest" file="D:\Projects\mithra62\products\ee\ee_export\system\user\addons\export\tests\UpdTest.php" line="32" assertions="1" time="0.000352"/>
      <testcase name="testPublishFieldsPropertyExists" class="Mithra62\Export\Tests\UpdTest" classname="Mithra62.Export.Tests.UpdTest" file="D:\Projects\mithra62\products\ee\ee_export\system\user\addons\export\tests\UpdTest.php" line="41" assertions="1" time="0.000350"/>
      <testcase name="testPublishFieldsPropertyValue" class="Mithra62\Export\Tests\UpdTest" classname="Mithra62.Export.Tests.UpdTest" file="D:\Projects\mithra62\products\ee\ee_export\system\user\addons\export\tests\UpdTest.php" line="50" assertions="1" time="0.000312"/>
      <testcase name="testIsInstallerInstance" class="Mithra62\Export\Tests\UpdTest" classname="Mithra62.Export.Tests.UpdTest" file="D:\Projects\mithra62\products\ee\ee_export\system\user\addons\export\tests\UpdTest.php" line="59" assertions="1" time="0.000366"/>
      <testcase name="testInstallMethodExists" class="Mithra62\Export\Tests\UpdTest" classname="Mithra62.Export.Tests.UpdTest" file="D:\Projects\mithra62\products\ee\ee_export\system\user\addons\export\tests\UpdTest.php" line="68" assertions="1" time="0.000328"/>
      <testcase name="testUninstallMethodExists" class="Mithra62\Export\Tests\UpdTest" classname="Mithra62.Export.Tests.UpdTest" file="D:\Projects\mithra62\products\ee\ee_export\system\user\addons\export\tests\UpdTest.php" line="76" assertions="1" time="0.000485"/>
      <testcase name="testUpdateMethodExists" class="Mithra62\Export\Tests\UpdTest" classname="Mithra62.Export.Tests.UpdTest" file="D:\Projects\mithra62\products\ee\ee_export\system\user\addons\export\tests\UpdTest.php" line="84" assertions="1" time="0.000332"/>
    </testsuite>
    <testsuite name="Mithra62\Export\Tests\XmlFormatTest" file="D:\Projects\mithra62\products\ee\ee_export\system\user\addons\export\tests\XmlFormatTest.php" tests="6" assertions="6" errors="0" warnings="0" failures="0" skipped="0" time="0.007131">
      <testcase name="testValidationFailsWhenRootNameMissing" class="Mithra62\Export\Tests\XmlFormatTest" classname="Mithra62.Export.Tests.XmlFormatTest" file="D:\Projects\mithra62\products\ee\ee_export\system\user\addons\export\tests\XmlFormatTest.php" line="26" assertions="1" time="0.000588"/>
      <testcase name="testValidationFailsWhenBranchNameMissing" class="Mithra62\Export\Tests\XmlFormatTest" classname="Mithra62.Export.Tests.XmlFormatTest" file="D:\Projects\mithra62\products\ee\ee_export\system\user\addons\export\tests\XmlFormatTest.php" line="32" assertions="1" time="0.000708"/>
      <testcase name="testValidationPassesWithBothNames" class="Mithra62\Export\Tests\XmlFormatTest" classname="Mithra62.Export.Tests.XmlFormatTest" file="D:\Projects\mithra62\products\ee\ee_export\system\user\addons\export\tests\XmlFormatTest.php" line="38" assertions="1" time="0.000547"/>
      <testcase name="testFinalizeFileReturnsPathEndingInXml" class="Mithra62\Export\Tests\XmlFormatTest" classname="Mithra62.Export.Tests.XmlFormatTest" file="D:\Projects\mithra62\products\ee\ee_export\system\user\addons\export\tests\XmlFormatTest.php" line="44" assertions="1" time="0.001297"/>
      <testcase name="testWriteChunkProducesValidXml" class="Mithra62\Export\Tests\XmlFormatTest" classname="Mithra62.Export.Tests.XmlFormatTest" file="D:\Projects\mithra62\products\ee\ee_export\system\user\addons\export\tests\XmlFormatTest.php" line="53" assertions="1" time="0.002130"/>
      <testcase name="testFieldValuesAppearInXmlOutput" class="Mithra62\Export\Tests\XmlFormatTest" classname="Mithra62.Export.Tests.XmlFormatTest" file="D:\Projects\mithra62\products\ee\ee_export\system\user\addons\export\tests\XmlFormatTest.php" line="64" assertions="1" time="0.001861"/>
    </testsuite>
    <testsuite name="Mithra62\Export\Tests\XmlServiceTest" file="D:\Projects\mithra62\products\ee\ee_export\system\user\addons\export\tests\XmlServiceTest.php" tests="11" assertions="14" errors="0" warnings="0" failures="0" skipped="0" time="0.006337">
      <testcase name="testInstantiates" class="Mithra62\Export\Tests\XmlServiceTest" classname="Mithra62.Export.Tests.XmlServiceTest" file="D:\Projects\mithra62\products\ee\ee_export\system\user\addons\export\tests\XmlServiceTest.php" line="10" assertions="1" time="0.000344"/>
      <testcase name="testSetRootNameReturnsFluent" class="Mithra62\Export\Tests\XmlServiceTest" classname="Mithra62.Export.Tests.XmlServiceTest" file="D:\Projects\mithra62\products\ee\ee_export\system\user\addons\export\tests\XmlServiceTest.php" line="15" assertions="1" time="0.000346"/>
      <testcase name="testInitiateProducesXmlDeclaration" class="Mithra62\Export\Tests\XmlServiceTest" classname="Mithra62.Export.Tests.XmlServiceTest" file="D:\Projects\mithra62\products\ee\ee_export\system\user\addons\export\tests\XmlServiceTest.php" line="21" assertions="1" time="0.000376"/>
      <testcase name="testInitiateProducesRootElement" class="Mithra62\Export\Tests\XmlServiceTest" classname="Mithra62.Export.Tests.XmlServiceTest" file="D:\Projects\mithra62\products\ee\ee_export\system\user\addons\export\tests\XmlServiceTest.php" line="30" assertions="1" time="0.000714"/>
      <testcase name="testStartAndEndBranchCreatesChildElement" class="Mithra62\Export\Tests\XmlServiceTest" classname="Mithra62.Export.Tests.XmlServiceTest" file="D:\Projects\mithra62\products\ee\ee_export\system\user\addons\export\tests\XmlServiceTest.php" line="39" assertions="1" time="0.000362"/>
      <testcase name="testAddNodeWritesScalarValue" class="Mithra62\Export\Tests\XmlServiceTest" classname="Mithra62.Export.Tests.XmlServiceTest" file="D:\Projects\mithra62\products\ee\ee_export\system\user\addons\export\tests\XmlServiceTest.php" line="50" assertions="2" time="0.000366"/>
      <testcase name="testAddXmlNodesScalarValue" class="Mithra62\Export\Tests\XmlServiceTest" classname="Mithra62.Export.Tests.XmlServiceTest" file="D:\Projects\mithra62\products\ee\ee_export\system\user\addons\export\tests\XmlServiceTest.php" line="63" assertions="1" time="0.000473"/>
      <testcase name="testAddXmlNodesNumericKeyUsesItemWithIndex" class="Mithra62\Export\Tests\XmlServiceTest" classname="Mithra62.Export.Tests.XmlServiceTest" file="D:\Projects\mithra62\products\ee\ee_export\system\user\addons\export\tests\XmlServiceTest.php" line="75" assertions="1" time="0.000387"/>
      <testcase name="testAddXmlNodesNestedArrayCreatesChildElements" class="Mithra62\Export\Tests\XmlServiceTest" classname="Mithra62.Export.Tests.XmlServiceTest" file="D:\Projects\mithra62\products\ee\ee_export\system\user\addons\export\tests\XmlServiceTest.php" line="87" assertions="2" time="0.000422"/>
      <testcase name="testSetCharSetAppearsInXmlDeclaration" class="Mithra62\Export\Tests\XmlServiceTest" classname="Mithra62.Export.Tests.XmlServiceTest" file="D:\Projects\mithra62\products\ee\ee_export\system\user\addons\export\tests\XmlServiceTest.php" line="100" assertions="1" time="0.000341"/>
      <testcase name="testInitiateFileWritesToDisk" class="Mithra62\Export\Tests\XmlServiceTest" classname="Mithra62.Export.Tests.XmlServiceTest" file="D:\Projects\mithra62\products\ee\ee_export\system\user\addons\export\tests\XmlServiceTest.php" line="110" assertions="2" time="0.002207"/>
    </testsuite>
  </testsuite>
</testsuites>
